This is pdfTeX, Version 3.141592653-2.6-1.40.25 (TeX Live 2023/Debian) (preloaded format=pdflatex 2026.5.15)  16 MAY 2026 02:13
entering extended mode
 restricted \write18 enabled.
 %&-line parsing enabled.
**refman
(./refman.tex
LaTeX2e <2023-11-01> patch level 1
L3 programming layer <2024-01-22>

(/usr/share/texlive/texmf-dist/tex/latex/base/book.cls
Document Class: book 2023/05/17 v1.4n Standard LaTeX document class
(/usr/share/texlive/texmf-dist/tex/latex/base/bk10.clo
File: bk10.clo 2023/05/17 v1.4n Standard LaTeX file (size option)
)
\c@part=\count187
\c@chapter=\count188
\c@section=\count189
\c@subsection=\count190
\c@subsubsection=\count191
\c@paragraph=\count192
\c@subparagraph=\count193
\c@figure=\count194
\c@table=\count195
\abovecaptionskip=\skip48
\belowcaptionskip=\skip49
\bibindent=\dimen140
) (/usr/share/texlive/texmf-dist/tex/latex/base/ifthen.sty
Package: ifthen 2022/04/13 v1.1d Standard LaTeX ifthen package (DPC)
) (/usr/share/texlive/texmf-dist/tex/latex/tools/array.sty
Rollback for package 'array' requested -> date 2016-10-06.
         Best approximation is the release introduced on 2016-10-06.
(/usr/share/texlive/texmf-dist/tex/latex/tools/array-2016-10-06.sty
Package: array 2016/10/06 v2.4d Tabular extension package (FMi)
\col@sep=\dimen141
\extrarowheight=\dimen142
\NC@list=\toks17
\extratabsurround=\skip50
\backup@length=\skip51
)) (/usr/share/texlive/texmf-dist/tex/generic/infwarerr/infwarerr.sty
package info suppressed
) (./doxygen.sty
Package: doxygen 
(/usr/share/texlive/texmf-dist/tex/latex/base/alltt.sty
Package: alltt 2021/01/29 v2.0g defines alltt environment
) (/usr/share/texlive/texmf-dist/tex/latex/tools/calc.sty
Package: calc 2023/07/08 v4.3 Infix arithmetic (KKT,FJ)
\calc@Acount=\count196
\calc@Bcount=\count197
\calc@Adimen=\dimen143
\calc@Bdimen=\dimen144
\calc@Askip=\skip52
\calc@Bskip=\skip53
LaTeX Info: Redefining \setlength on input line 80.
LaTeX Info: Redefining \addtolength on input line 81.
\calc@Ccount=\count198
\calc@Cskip=\skip54
) (/usr/share/texlive/texmf-dist/tex/latex/float/float.sty
Package: float 2001/11/08 v1.3d Float enhancements (AL)
\c@float@type=\count199
\float@exts=\toks18
\float@box=\box51
\@float@everytoks=\toks19
\@floatcapt=\box52
) (/usr/share/texlive/texmf-dist/tex/latex/tools/verbatim.sty
Package: verbatim 2023-11-06 v1.5v LaTeX2e package for verbatim enhancements
\every@verbatim=\toks20
\verbatim@line=\toks21
\verbatim@in@stream=\read2
) (/usr/share/texlive/texmf-dist/tex/latex/xcolor/xcolor.sty
Package: xcolor 2023/11/15 v3.01 LaTeX color extensions (UK)
(/usr/share/texlive/texmf-dist/tex/latex/graphics-cfg/color.cfg
File: color.cfg 2016/01/02 v1.6 sample color configuration
)
Package xcolor Info: Driver file: pdftex.def on input line 274.
(/usr/share/texlive/texmf-dist/tex/latex/graphics-def/pdftex.def
File: pdftex.def 2022/09/22 v1.2b Graphics/color driver for pdftex
) (/usr/share/texlive/texmf-dist/tex/latex/graphics/mathcolor.ltx)
Package xcolor Info: Model `cmy' substituted by `cmy0' on input line 1350.
Package xcolor Info: Model `hsb' substituted by `rgb' on input line 1354.
Package xcolor Info: Model `RGB' extended on input line 1366.
Package xcolor Info: Model `HTML' substituted by `rgb' on input line 1368.
Package xcolor Info: Model `Hsb' substituted by `hsb' on input line 1369.
Package xcolor Info: Model `tHsb' substituted by `hsb' on input line 1370.
Package xcolor Info: Model `HSB' substituted by `hsb' on input line 1371.
Package xcolor Info: Model `Gray' substituted by `gray' on input line 1372.
Package xcolor Info: Model `wave' substituted by `hsb' on input line 1373.
) (/usr/share/texlive/texmf-dist/tex/latex/colortbl/colortbl.sty
Package: colortbl 2022/06/20 v1.0f Color table columns (DPC)
\everycr=\toks22
\minrowclearance=\skip55
\rownum=\count266
) (./longtable_doxygen.sty
Package: longtable_doxygen 2014/10/28 v4.11 Multi-page Table package (DPC) - fr
ozen version for doxygen
\LTleft=\skip56
\LTright=\skip57
\LTpre=\skip58
\LTpost=\skip59
\LTchunksize=\count267
\LTcapwidth=\dimen145
\LT@head=\box53
\LT@firsthead=\box54
\LT@foot=\box55
\LT@lastfoot=\box56
\LT@cols=\count268
\LT@rows=\count269
\c@LT@tables=\count270
\c@LT@chunks=\count271
\LT@p@ftn=\toks23
) (./tabu_doxygen.sty
Package: tabu_doxygen 2011/02/26 v2.8 - flexible LaTeX tabulars (FC), frozen ve
rsion for doxygen
(/usr/share/texlive/texmf-dist/tex/latex/varwidth/varwidth.sty
Package: varwidth 2009/03/30 ver 0.92;  Variable-width minipages
\@vwid@box=\box57
\sift@deathcycles=\count272
\@vwid@loff=\dimen146
\@vwid@roff=\dimen147
)
\c@taburow=\count273
\tabu@nbcols=\count274
\tabu@cnt=\count275
\tabu@Xcol=\count276
\tabu@alloc=\count277
\tabu@nested=\count278
\tabu@target=\dimen148
\tabu@spreadtarget=\dimen149
\tabu@naturalX=\dimen150
\tabucolX=\dimen151
\tabu@Xsum=\dimen152
\extrarowdepth=\dimen153
\abovetabulinesep=\dimen154
\belowtabulinesep=\dimen155
\tabustrutrule=\dimen156
\tabu@thebody=\toks24
\tabu@footnotes=\toks25
\tabu@box=\box58
\tabu@arstrutbox=\box59
\tabu@hleads=\box60
\tabu@vleads=\box61
\tabu@cellskip=\skip60
) (/usr/share/texlive/texmf-dist/tex/latex/fancyvrb/fancyvrb.sty
Package: fancyvrb 2024/01/20 4.5c verbatim text (tvz,hv)
(/usr/share/texlive/texmf-dist/tex/latex/graphics/keyval.sty
Package: keyval 2022/05/29 v1.15 key=value parser (DPC)
\KV@toks@=\toks26
)
\FV@CodeLineNo=\count279
\FV@InFile=\read3
\FV@TabBox=\box62
\c@FancyVerbLine=\count280
\FV@StepNumber=\count281
\FV@OutFile=\write3
) (/usr/share/texlive/texmf-dist/tex/latex/tools/tabularx.sty
Package: tabularx 2023/07/08 v2.11c `tabularx' package (DPC)
\TX@col@width=\dimen157
\TX@old@table=\dimen158
\TX@old@col=\dimen159
\TX@target=\dimen160
\TX@delta=\dimen161
\TX@cols=\count282
\TX@ftn=\toks27
) (/usr/share/texlive/texmf-dist/tex/latex/tools/multicol.sty
Package: multicol 2023/03/30 v1.9f multicolumn formatting (FMi)
\c@tracingmulticols=\count283
\mult@box=\box63
\multicol@leftmargin=\dimen162
\c@unbalance=\count284
\c@collectmore=\count285
\doublecol@number=\count286
\multicoltolerance=\count287
\multicolpretolerance=\count288
\full@width=\dimen163
\page@free=\dimen164
\premulticols=\dimen165
\postmulticols=\dimen166
\multicolsep=\skip61
\multicolbaselineskip=\skip62
\partial@page=\box64
\last@line=\box65
\mc@boxedresult=\box66
\maxbalancingoverflow=\dimen167
\mult@rightbox=\box67
\mult@grightbox=\box68
\mult@firstbox=\box69
\mult@gfirstbox=\box70
\@tempa=\box71
\@tempa=\box72
\@tempa=\box73
\@tempa=\box74
\@tempa=\box75
\@tempa=\box76
\@tempa=\box77
\@tempa=\box78
\@tempa=\box79
\@tempa=\box80
\@tempa=\box81
\@tempa=\box82
\@tempa=\box83
\@tempa=\box84
\@tempa=\box85
\@tempa=\box86
\@tempa=\box87
\@tempa=\box88
\@tempa=\box89
\@tempa=\box90
\@tempa=\box91
\@tempa=\box92
\@tempa=\box93
\@tempa=\box94
\@tempa=\box95
\@tempa=\box96
\@tempa=\box97
\@tempa=\box98
\@tempa=\box99
\@tempa=\box100
\@tempa=\box101
\@tempa=\box102
\@tempa=\box103
\@tempa=\box104
\@tempa=\box105
\@tempa=\box106
\c@minrows=\count289
\c@columnbadness=\count290
\c@finalcolumnbadness=\count291
\last@try=\dimen168
\multicolovershoot=\dimen169
\multicolundershoot=\dimen170
\mult@nat@firstbox=\box107
\colbreak@box=\box108
\mc@col@check@num=\count292
) (/usr/share/texlive/texmf-dist/tex/latex/multirow/multirow.sty
Package: multirow 2021/03/15 v2.8 Span multiple rows of a table
\multirow@colwidth=\skip63
\multirow@cntb=\count293
\multirow@dima=\skip64
\bigstrutjot=\dimen171
) (/usr/share/texlive/texmf-dist/tex/latex/hanging/hanging.sty
Package: hanging 2009/09/02 v1.2b hanging paragraphs and punctuation
\h@ngcommawd=\skip65
\h@ngfstopwd=\skip66
\h@ngquotewd=\skip67
\h@ngdquotewd=\skip68
\h@ngquerywd=\skip69
\h@ngexclwd=\skip70
\h@ngcolonwd=\skip71
\h@ngscolonwd=\skip72
) (/usr/share/texlive/texmf-dist/tex/generic/iftex/ifpdf.sty
Package: ifpdf 2019/10/25 v3.4 ifpdf legacy package. Use iftex instead.
(/usr/share/texlive/texmf-dist/tex/generic/iftex/iftex.sty
Package: iftex 2022/02/03 v1.0f TeX engine tests
)) (/usr/share/texlive/texmf-dist/tex/latex/adjustbox/adjustbox.sty
Package: adjustbox 2022/10/17 v1.3a Adjusting TeX boxes (trim, clip, ...)
(/usr/share/texlive/texmf-dist/tex/latex/xkeyval/xkeyval.sty
Package: xkeyval 2022/06/16 v2.9 package option processing (HA)
(/usr/share/texlive/texmf-dist/tex/generic/xkeyval/xkeyval.tex (/usr/share/texl
ive/texmf-dist/tex/generic/xkeyval/xkvutils.tex
\XKV@toks=\toks28
\XKV@tempa@toks=\toks29
)
\XKV@depth=\count294
File: xkeyval.tex 2014/12/03 v2.7a key=value parser (HA)
)) (/usr/share/texlive/texmf-dist/tex/latex/adjustbox/adjcalc.sty
Package: adjcalc 2012/05/16 v1.1 Provides advanced setlength with multiple back
-ends (calc, etex, pgfmath)
) (/usr/share/texlive/texmf-dist/tex/latex/adjustbox/trimclip.sty
Package: trimclip 2020/08/19 v1.2 Trim and clip general TeX material
(/usr/share/texlive/texmf-dist/tex/latex/graphics/graphicx.sty
Package: graphicx 2021/09/16 v1.2d Enhanced LaTeX Graphics (DPC,SPQR)
(/usr/share/texlive/texmf-dist/tex/latex/graphics/graphics.sty
Package: graphics 2022/03/10 v1.4e Standard LaTeX Graphics (DPC,SPQR)
(/usr/share/texlive/texmf-dist/tex/latex/graphics/trig.sty
Package: trig 2021/08/11 v1.11 sin cos tan (DPC)
) (/usr/share/texlive/texmf-dist/tex/latex/graphics-cfg/graphics.cfg
File: graphics.cfg 2016/06/04 v1.11 sample graphics configuration
)
Package graphics Info: Driver file: pdftex.def on input line 107.
)
\Gin@req@height=\dimen172
\Gin@req@width=\dimen173
) (/usr/share/texlive/texmf-dist/tex/latex/collectbox/collectbox.sty
Package: collectbox 2022/10/17 v0.4c Collect macro arguments as boxes
\collectedbox=\box109
)
\tc@llx=\dimen174
\tc@lly=\dimen175
\tc@urx=\dimen176
\tc@ury=\dimen177
Package trimclip Info: Using driver 'tc-pdftex.def'.
(/usr/share/texlive/texmf-dist/tex/latex/adjustbox/tc-pdftex.def
File: tc-pdftex.def 2019/01/04 v2.2 Clipping driver for pdftex
))
\adjbox@Width=\dimen178
\adjbox@Height=\dimen179
\adjbox@Depth=\dimen180
\adjbox@Totalheight=\dimen181
\adjbox@pwidth=\dimen182
\adjbox@pheight=\dimen183
\adjbox@pdepth=\dimen184
\adjbox@ptotalheight=\dimen185
(/usr/share/texlive/texmf-dist/tex/latex/ifoddpage/ifoddpage.sty
Package: ifoddpage 2022/10/18 v1.2 Conditionals for odd/even page detection
\c@checkoddpage=\count295
)) (/usr/share/texlive/texmf-dist/tex/latex/amsfonts/amssymb.sty
Package: amssymb 2013/01/14 v3.01 AMS font symbols
(/usr/share/texlive/texmf-dist/tex/latex/amsfonts/amsfonts.sty
Package: amsfonts 2013/01/14 v3.01 Basic AMSFonts support
\@emptytoks=\toks30
\symAMSa=\mathgroup4
\symAMSb=\mathgroup5
LaTeX Font Info:    Redeclaring math symbol \hbar on input line 98.
LaTeX Font Info:    Overwriting math alphabet `\mathfrak' in version `bold'
(Font)                  U/euf/m/n --> U/euf/b/n on input line 106.
)) (/usr/share/texlive/texmf-dist/tex/latex/stackengine/stackengine.sty
Package: stackengine 2021/07/22 v4.11\ Stacking text and objects in convenient 
ways
(/usr/share/texlive/texmf-dist/tex/latex/etoolbox/etoolbox.sty
Package: etoolbox 2020/10/05 v2.5k e-TeX tools for LaTeX (JAW)
\etb@tempcnta=\count296
) (/usr/share/texlive/texmf-dist/tex/generic/listofitems/listofitems.sty (/usr/
share/texlive/texmf-dist/tex/generic/listofitems/listofitems.tex
\loi_cnt_foreach_nest=\count297
\loi_nestcnt=\count298
)
Package: listofitems 2019/08/21 v1.63 Grab items in lists using user-specified 
sep char (CT)
)
\c@@stackindex=\count299
\@boxshift=\skip73
\stack@tmplength=\skip74
\temp@stkl=\skip75
\@stackedboxwidth=\skip76
\@addedbox=\box110
\@anchorbox=\box111
\@insetbox=\box112
\se@backgroundbox=\box113
\stackedbox=\box114
\@centerbox=\box115
\c@ROWcellindex@=\count300
) (/usr/share/texlive/texmf-dist/tex/latex/enumitem/enumitem.sty
Package: enumitem 2019/06/20 v3.9 Customized lists
\labelindent=\skip77
\enit@outerparindent=\dimen186
\enit@toks=\toks31
\enit@inbox=\box116
\enit@count@id=\count301
\enitdp@description=\count302
) (/usr/share/texlive/texmf-dist/tex/generic/alphalph/alphalph.sty
Package: alphalph 2019/12/09 v2.6 Convert numbers to letters (HO)
(/usr/share/texlive/texmf-dist/tex/generic/intcalc/intcalc.sty
Package: intcalc 2019/12/15 v1.3 Expandable calculations with integers (HO)
)) (/usr/share/texlive/texmf-dist/tex/generic/ulem/ulem.sty
\UL@box=\box117
\UL@hyphenbox=\box118
\UL@skip=\skip78
\UL@hook=\toks32
\UL@height=\dimen187
\UL@pe=\count303
\UL@pixel=\dimen188
\ULC@box=\box119
Package: ulem 2019/11/18
\ULdepth=\dimen189
)
\xrefbox=\box120
\xreflength=\skip79
\CodeWidthChar=\skip80
\CodeHeightChar=\skip81
\DoxyCodeWidth=\skip82
\c@DoxyEnumeratei=\count304
\c@DoxyEnumerateii=\count305
\c@DoxyEnumerateiii=\count306
\c@DoxyEnumerateiv=\count307
\c@DoxyEnumeratev=\count308
\c@DoxyEnumeratevi=\count309
\c@DoxyEnumeratevii=\count310
\c@DoxyEnumerateviii=\count311
\c@DoxyEnumerateix=\count312
\c@DoxyEnumeratex=\count313
\c@DoxyEnumeratexi=\count314
\c@DoxyEnumeratexii=\count315
\enitdp@DoxyEnumerate=\count316
\enitdp@DoxyItemize=\count317
\c@subsubsubsection=\count318
\c@subsubsubsubsection=\count319
\c@subsubsubsubsubsection=\count320
\c@subsubsubsubsubsubsection=\count321
) (/usr/share/texlive/texmf-dist/tex/latex/base/inputenc.sty
Package: inputenc 2021/02/14 v1.3d Input encoding file
\inpenc@prehook=\toks33
\inpenc@posthook=\toks34
) (/usr/share/texlive/texmf-dist/tex/latex/base/makeidx.sty
Package: makeidx 2021/10/04 v1.0m Standard LaTeX package
) (/usr/share/texlive/texmf-dist/tex/latex/base/textcomp.sty
Package: textcomp 2020/02/02 v2.0n Standard LaTeX package
) (/usr/share/texlive/texmf-dist/tex/latex/wasysym/wasysym.sty
Package: wasysym 2020/01/19 v2.4 Wasy-2 symbol support package
\symwasy=\mathgroup6
LaTeX Font Info:    Overwriting symbol font `wasy' in version `bold'
(Font)                  U/wasy/m/n --> U/wasy/b/n on input line 93.
) (/usr/share/texlive/texmf-dist/tex/generic/iftex/ifxetex.sty
Package: ifxetex 2019/10/25 v0.7 ifxetex legacy package. Use iftex instead.
) (/usr/share/texlive/texmf-dist/tex/latex/base/fontenc.sty
Package: fontenc 2021/04/29 v2.0v Standard LaTeX package
) (/usr/share/texlive/texmf-dist/tex/latex/psnfss/helvet.sty
Package: helvet 2020/03/25 PSNFSS-v9.3 (WaS) 
) (/usr/share/texlive/texmf-dist/tex/latex/psnfss/courier.sty
Package: courier 2020/03/25 PSNFSS-v9.3 (WaS) 
) (/usr/share/texlive/texmf-dist/tex/latex/geometry/geometry.sty
Package: geometry 2020/01/02 v5.9 Page Geometry
(/usr/share/texlive/texmf-dist/tex/generic/iftex/ifvtex.sty
Package: ifvtex 2019/10/25 v1.7 ifvtex legacy package. Use iftex instead.
)
\Gm@cnth=\count322
\Gm@cntv=\count323
\c@Gm@tempcnt=\count324
\Gm@bindingoffset=\dimen190
\Gm@wd@mp=\dimen191
\Gm@odd@mp=\dimen192
\Gm@even@mp=\dimen193
\Gm@layoutwidth=\dimen194
\Gm@layoutheight=\dimen195
\Gm@layouthoffset=\dimen196
\Gm@layoutvoffset=\dimen197
\Gm@dimlist=\toks35
) (/usr/share/texlive/texmf-dist/tex/latex/changepage/changepage.sty
Package: changepage 2009/10/20 v1.0c check page and change page layout
\c@cp@cntr=\count325
\cp@tempcnt=\count326
LaTeX Info: Redefining \checkoddpage on input line 59.
) (/usr/share/texlive/texmf-dist/tex/latex/fancyhdr/fancyhdr.sty
Package: fancyhdr 2022/11/09 v4.1 Extensive control of page headers and footers

\f@nch@headwidth=\skip83
\f@nch@O@elh=\skip84
\f@nch@O@erh=\skip85
\f@nch@O@olh=\skip86
\f@nch@O@orh=\skip87
\f@nch@O@elf=\skip88
\f@nch@O@erf=\skip89
\f@nch@O@olf=\skip90
\f@nch@O@orf=\skip91
) (/usr/share/texlive/texmf-dist/tex/latex/natbib/natbib.sty
Package: natbib 2010/09/13 8.31b (PWD, AO)
\bibhang=\skip92
\bibsep=\skip93
LaTeX Info: Redefining \cite on input line 694.
\c@NAT@ctr=\count327
) (/usr/share/texlive/texmf-dist/tex/latex/tocloft/tocloft.sty
Package: tocloft 2017/08/31 v2.3i parameterised ToC, etc., typesetting
Package tocloft Info: The document has chapter divisions on input line 51.
\cftparskip=\skip94
\cftbeforetoctitleskip=\skip95
\cftaftertoctitleskip=\skip96
\cftbeforepartskip=\skip97
\cftpartnumwidth=\skip98
\cftpartindent=\skip99
\cftbeforechapskip=\skip100
\cftchapindent=\skip101
\cftchapnumwidth=\skip102
\cftbeforesecskip=\skip103
\cftsecindent=\skip104
\cftsecnumwidth=\skip105
\cftbeforesubsecskip=\skip106
\cftsubsecindent=\skip107
\cftsubsecnumwidth=\skip108
\cftbeforesubsubsecskip=\skip109
\cftsubsubsecindent=\skip110
\cftsubsubsecnumwidth=\skip111
\cftbeforeparaskip=\skip112
\cftparaindent=\skip113
\cftparanumwidth=\skip114
\cftbeforesubparaskip=\skip115
\cftsubparaindent=\skip116
\cftsubparanumwidth=\skip117
\cftbeforeloftitleskip=\skip118
\cftafterloftitleskip=\skip119
\cftbeforefigskip=\skip120
\cftfigindent=\skip121
\cftfignumwidth=\skip122
\c@lofdepth=\count328
\c@lotdepth=\count329
\cftbeforelottitleskip=\skip123
\cftafterlottitleskip=\skip124
\cftbeforetabskip=\skip125
\cfttabindent=\skip126
\cfttabnumwidth=\skip127
)
\@indexfile=\write4
\openout4 = `refman.idx'.

Writing index file refman.idx
(/usr/share/texlive/texmf-dist/tex/latex/newunicodechar/newunicodechar.sty
Package: newunicodechar 2018/04/08 v1.2 Defining Unicode characters
) (/usr/share/texlive/texmf-dist/tex/latex/hyperref/hyperref.sty
Package: hyperref 2024-01-20 v7.01h Hypertext links for LaTeX
(/usr/share/texlive/texmf-dist/tex/latex/kvsetkeys/kvsetkeys.sty
Package: kvsetkeys 2022-10-05 v1.19 Key value parser (HO)
) (/usr/share/texlive/texmf-dist/tex/generic/kvdefinekeys/kvdefinekeys.sty
Package: kvdefinekeys 2019-12-19 v1.6 Define keys (HO)
) (/usr/share/texlive/texmf-dist/tex/generic/pdfescape/pdfescape.sty
Package: pdfescape 2019/12/09 v1.15 Implements pdfTeX's escape features (HO)
(/usr/share/texlive/texmf-dist/tex/generic/ltxcmds/ltxcmds.sty
Package: ltxcmds 2023-12-04 v1.26 LaTeX kernel commands for general use (HO)
) (/usr/share/texlive/texmf-dist/tex/generic/pdftexcmds/pdftexcmds.sty
Package: pdftexcmds 2020-06-27 v0.33 Utility functions of pdfTeX for LuaTeX (HO
)
Package pdftexcmds Info: \pdf@primitive is available.
Package pdftexcmds Info: \pdf@ifprimitive is available.
Package pdftexcmds Info: \pdfdraftmode found.
)) (/usr/share/texlive/texmf-dist/tex/latex/hycolor/hycolor.sty
Package: hycolor 2020-01-27 v1.10 Color options for hyperref/bookmark (HO)
) (/usr/share/texlive/texmf-dist/tex/latex/auxhook/auxhook.sty
Package: auxhook 2019-12-17 v1.6 Hooks for auxiliary files (HO)
) (/usr/share/texlive/texmf-dist/tex/latex/hyperref/nameref.sty
Package: nameref 2023-11-26 v2.56 Cross-referencing by name of section
(/usr/share/texlive/texmf-dist/tex/latex/refcount/refcount.sty
Package: refcount 2019/12/15 v3.6 Data extraction from label references (HO)
) (/usr/share/texlive/texmf-dist/tex/generic/gettitlestring/gettitlestring.sty
Package: gettitlestring 2019/12/15 v1.6 Cleanup title references (HO)
(/usr/share/texlive/texmf-dist/tex/latex/kvoptions/kvoptions.sty
Package: kvoptions 2022-06-15 v3.15 Key value format for package options (HO)
))
\c@section@level=\count330
)
\@linkdim=\dimen198
\Hy@linkcounter=\count331
\Hy@pagecounter=\count332
(/usr/share/texlive/texmf-dist/tex/latex/hyperref/pd1enc.def
File: pd1enc.def 2024-01-20 v7.01h Hyperref: PDFDocEncoding definition (HO)
Now handling font encoding PD1 ...
... no UTF-8 mapping file for font encoding PD1
)
\Hy@SavedSpaceFactor=\count333
(/usr/share/texlive/texmf-dist/tex/latex/hyperref/puenc.def
File: puenc.def 2024-01-20 v7.01h Hyperref: PDF Unicode definition (HO)
Now handling font encoding PU ...
... no UTF-8 mapping file for font encoding PU
)
Package hyperref Info: Hyper figures OFF on input line 4179.
Package hyperref Info: Link nesting OFF on input line 4184.
Package hyperref Info: Hyper index ON on input line 4187.
Package hyperref Info: Plain pages OFF on input line 4194.
Package hyperref Info: Backreferencing ON on input line 4197.
Package hyperref Info: Implicit mode ON; LaTeX internals redefined.
Package hyperref Info: Bookmarks ON on input line 4446.
(/usr/share/texlive/texmf-dist/tex/latex/hyperref/backref.sty
Package: backref 2023-11-26 v1.44 Bibliographical back referencing
(/usr/share/texlive/texmf-dist/tex/latex/rerunfilecheck/rerunfilecheck.sty
Package: rerunfilecheck 2022-07-10 v1.10 Rerun checks for auxiliary files (HO)
(/usr/share/texlive/texmf-dist/tex/latex/base/atveryend-ltx.sty
Package: atveryend-ltx 2020/08/19 v1.0a Emulation of the original atveryend pac
kage
with kernel methods
) (/usr/share/texlive/texmf-dist/tex/generic/uniquecounter/uniquecounter.sty
Package: uniquecounter 2019/12/15 v1.4 Provide unlimited unique counter (HO)
(/usr/share/texlive/texmf-dist/tex/generic/bigintcalc/bigintcalc.sty
Package: bigintcalc 2019/12/15 v1.5 Expandable calculations on big integers (HO
)
))
Package uniquecounter Info: New unique counter `rerunfilecheck' on input line 2
85.
))
\c@Hy@tempcnt=\count334
(/usr/share/texlive/texmf-dist/tex/latex/url/url.sty
\Urlmuskip=\muskip16
Package: url 2013/09/16  ver 3.4  Verb mode for urls, etc.
)
LaTeX Info: Redefining \url on input line 4784.
\XeTeXLinkMargin=\dimen199
(/usr/share/texlive/texmf-dist/tex/generic/bitset/bitset.sty
Package: bitset 2019/12/09 v1.3 Handle bit-vector datatype (HO)
)
\Fld@menulength=\count335
\Field@Width=\dimen256
\Fld@charsize=\dimen257
Package hyperref Info: Hyper figures OFF on input line 6063.
Package hyperref Info: Link nesting OFF on input line 6068.
Package hyperref Info: Hyper index ON on input line 6071.
Package hyperref Info: backreferencing ON on input line 6076.
Package hyperref Info: Link coloring OFF on input line 6083.
Package hyperref Info: Link coloring with OCG OFF on input line 6088.
Package hyperref Info: PDF/A mode OFF on input line 6093.
(/usr/share/texlive/texmf-dist/tex/latex/base/atbegshi-ltx.sty
Package: atbegshi-ltx 2021/01/10 v1.0c Emulation of the original atbegshi
package with kernel methods
)
\Hy@abspage=\count336
\c@Item=\count337
\c@Hfootnote=\count338
)
Package hyperref Info: Driver: hpdftex.
(/usr/share/texlive/texmf-dist/tex/latex/hyperref/hpdftex.def
File: hpdftex.def 2024-01-20 v7.01h Hyperref driver for pdfTeX
\Fld@listcount=\count339
\c@bookmark@seq@number=\count340
\Hy@SectionHShift=\skip128
)
Package hyperref Info: Option `colorlinks' set `true' on input line 162.
Package hyperref Info: Option `unicode' set `true' on input line 162.
(/usr/share/texlive/texmf-dist/tex/latex/caption/caption.sty
Package: caption 2023/08/05 v3.6o Customizing captions (AR)
(/usr/share/texlive/texmf-dist/tex/latex/caption/caption3.sty
Package: caption3 2023/07/31 v2.4d caption3 kernel (AR)
\caption@tempdima=\dimen258
\captionmargin=\dimen259
\caption@leftmargin=\dimen260
\caption@rightmargin=\dimen261
\caption@width=\dimen262
\caption@indent=\dimen263
\caption@parindent=\dimen264
\caption@hangindent=\dimen265
Package caption Info: Standard document class detected.
)
\c@caption@flags=\count341
\c@continuedfloat=\count342
Package caption Info: changepage package is loaded.
\caption@adjustwidth@hsize=\dimen266
\caption@adjustwidth@linewidth=\dimen267
Package caption Info: float package is loaded.
Package caption Info: hyperref package is loaded.
Package caption Info: longtable package is loaded.
(/usr/share/texlive/texmf-dist/tex/latex/caption/ltcaption.sty
Package: ltcaption 2021/01/08 v1.4c longtable captions (AR)
)) (/usr/share/texlive/texmf-dist/tex/latex/etoc/etoc.sty
Package: etoc 2023/10/29 v1.2d Completely customisable TOCs (JFB)
\Etoc@toctoks=\toks36
\c@etoc@tocid=\count343
\etoc@framed@titlebox=\box121
\etoc@framed@contentsbox=\box122
)
LaTeX Font Info:    Trying to load font information for T1+phv on input line 18
4.
(/usr/share/texlive/texmf-dist/tex/latex/psnfss/t1phv.fd
File: t1phv.fd 2020/03/25 scalable font definitions for T1/phv.
)
LaTeX Font Info:    Font shape `T1/phv/m/n' will be
(Font)              scaled to size 8.99994pt on input line 184.
(/usr/share/texlive/texmf-dist/tex/latex/l3backend/l3backend-pdftex.def
File: l3backend-pdftex.def 2024-01-04 L3 backend support: PDF output (pdfTeX)
\l__color_backend_stack_int=\count344
\l__pdf_internal_box=\box123
) (./refman.aux)
\openout1 = `refman.aux'.

LaTeX Font Info:    Checking defaults for OML/cmm/m/it on input line 184.
LaTeX Font Info:    ... okay on input line 184.
LaTeX Font Info:    Checking defaults for OMS/cmsy/m/n on input line 184.
LaTeX Font Info:    ... okay on input line 184.
LaTeX Font Info:    Checking defaults for OT1/cmr/m/n on input line 184.
LaTeX Font Info:    ... okay on input line 184.
LaTeX Font Info:    Checking defaults for T1/cmr/m/n on input line 184.
LaTeX Font Info:    ... okay on input line 184.
LaTeX Font Info:    Checking defaults for TS1/cmr/m/n on input line 184.
LaTeX Font Info:    ... okay on input line 184.
LaTeX Font Info:    Checking defaults for OMX/cmex/m/n on input line 184.
LaTeX Font Info:    ... okay on input line 184.
LaTeX Font Info:    Checking defaults for U/cmr/m/n on input line 184.
LaTeX Font Info:    ... okay on input line 184.
LaTeX Font Info:    Checking defaults for PD1/pdf/m/n on input line 184.
LaTeX Font Info:    ... okay on input line 184.
LaTeX Font Info:    Checking defaults for PU/pdf/m/n on input line 184.
LaTeX Font Info:    ... okay on input line 184.
(/usr/share/texlive/texmf-dist/tex/context/base/mkii/supp-pdf.mkii
[Loading MPS to PDF converter (version 2006.09.02).]
\scratchcounter=\count345
\scratchdimen=\dimen268
\scratchbox=\box124
\nofMPsegments=\count346
\nofMParguments=\count347
\everyMPshowfont=\toks37
\MPscratchCnt=\count348
\MPscratchDim=\dimen269
\MPnumerator=\count349
\makeMPintoPDFobject=\count350
\everyMPtoPDFconversion=\toks38
) (/usr/share/texlive/texmf-dist/tex/latex/epstopdf-pkg/epstopdf-base.sty
Package: epstopdf-base 2020-01-24 v2.11 Base part for package epstopdf
Package epstopdf-base Info: Redefining graphics rule for `.eps' on input line 4
85.
(/usr/share/texlive/texmf-dist/tex/latex/latexconfig/epstopdf-sys.cfg
File: epstopdf-sys.cfg 2010/07/13 v1.3 Configuration of (r)epstopdf for TeX Liv
e
))
*geometry* driver: auto-detecting
*geometry* detected driver: pdftex
*geometry* verbose mode - [ preamble ] result:
* driver: pdftex
* paper: a4paper
* layout: <same size as paper>
* layoutoffset:(h,v)=(0.0pt,0.0pt)
* modes: twoside 
* h-part:(L,W,R)=(71.13188pt, 455.24411pt, 71.13188pt)
* v-part:(T,H,B)=(71.13188pt, 702.78308pt, 71.13188pt)
* \paperwidth=597.50787pt
* \paperheight=845.04684pt
* \textwidth=455.24411pt
* \textheight=702.78308pt
* \oddsidemargin=-1.1381pt
* \evensidemargin=-1.1381pt
* \topmargin=-31.2056pt
* \headheight=12.0pt
* \headsep=18.06749pt
* \topskip=10.0pt
* \footskip=25.29494pt
* \marginparwidth=125.0pt
* \marginparsep=7.0pt
* \columnsep=10.0pt
* \skip\footins=9.0pt plus 4.0pt minus 2.0pt
* \hoffset=0.0pt
* \voffset=0.0pt
* \mag=1000
* \@twocolumnfalse
* \@twosidetrue
* \@mparswitchtrue
* \@reversemarginfalse
* (1in=72.27pt=25.4mm, 1cm=28.453pt)

Package backref Info: ** backref set up for natbib ** on input line 184.
Package hyperref Info: Link coloring ON on input line 184.
(./refman.out) (./refman.out)
\@outlinefile=\write5
\openout5 = `refman.out'.

Package caption Info: Begin \AtBeginDocument code.
Package caption Info: End \AtBeginDocument code.
\Etoc@tf=\read4
Package hyperref Info: Option `pageanchor' set `false' on input line 192.
Package hyperref Info: Option `bookmarksnumbered' set `true' on input line 192.

Package hyperref Info: Option `unicode' set `true' on input line 192.
LaTeX Font Info:    Font shape `T1/phv/m/n' will be
(Font)              scaled to size 12.9599pt on input line 197.
LaTeX Font Info:    Font shape `T1/phv/m/n' will be
(Font)              scaled to size 10.79993pt on input line 198.
[1


{/var/lib/texmf/fonts/map/pdftex/updmap/pdftex.map}{/usr/share/texlive/texmf-di
st/fonts/enc/dvips/base/8r.enc}] [2

]
\tf@toc=\write6
\openout6 = `refman.toc'.

LaTeX Font Info:    Font shape `T1/phv/b/n' will be
(Font)              scaled to size 8.99994pt on input line 206.
LaTeX Font Info:    Trying to load font information for U+msa on input line 206
.
(/usr/share/texlive/texmf-dist/tex/latex/amsfonts/umsa.fd
File: umsa.fd 2013/01/14 v3.01 AMS symbols A
)
LaTeX Font Info:    Trying to load font information for U+msb on input line 206
.
(/usr/share/texlive/texmf-dist/tex/latex/amsfonts/umsb.fd
File: umsb.fd 2013/01/14 v3.01 AMS symbols B
)
LaTeX Font Info:    Trying to load font information for U+wasy on input line 20
6.
(/usr/share/texlive/texmf-dist/tex/latex/wasysym/uwasy.fd
File: uwasy.fd 2020/01/19 v2.4 Wasy-2 symbol font definitions
)
LaTeX Font Info:    Font shape `T1/phv/m/n' will be
(Font)              scaled to size 7.19995pt on input line 206.
LaTeX Font Info:    Trying to load font information for T1+pcr on input line 20
6.
(/usr/share/texlive/texmf-dist/tex/latex/psnfss/t1pcr.fd
File: t1pcr.fd 2001/06/04 font definitions for T1/pcr.
)
LaTeX Font Info:    Font shape `T1/phv/m/n' will be
(Font)              scaled to size 6.29996pt on input line 206.
LaTeX Font Info:    Font shape `T1/phv/b/n' will be
(Font)              scaled to size 6.29996pt on input line 206.
[1] [2] [3] [4] [5] [6] [7] [8

]
Package hyperref Info: Option `pageanchor' set `true' on input line 209.
Chapter 1.
LaTeX Font Info:    Font shape `T1/phv/m/n' will be
(Font)              scaled to size 18.66588pt on input line 211.
LaTeX Font Info:    Font shape `T1/phv/b/n' will be
(Font)              scaled to size 18.66588pt on input line 211.
LaTeX Font Info:    Font shape `T1/phv/b/n' will be
(Font)              scaled to size 22.39185pt on input line 211.
(./annotated.tex
LaTeX Font Info:    Font shape `T1/phv/b/n' will be
(Font)              scaled to size 12.9599pt on input line 1.
) [1

] [2

]
Chapter 2.
(./files.tex [3]) [4]
Chapter 3.
(./classAlbum.tex <./classAlbum__coll__graph.pdf>
<classAlbum__coll__graph.pdf, id=1519, 239.89626pt x 498.86375pt>
File: classAlbum__coll__graph.pdf Graphic file (type pdf)
<use classAlbum__coll__graph.pdf>
Package pdftex.def Info: classAlbum__coll__graph.pdf  used on input line 18.
(pdftex.def)             Requested size: 239.0pt x 497.00519pt.
[5

]
LaTeX Font Info:    Trying to load font information for TS1+phv on input line 2
4.
(/usr/share/texlive/texmf-dist/tex/latex/psnfss/ts1phv.fd
File: ts1phv.fd 2020/03/25 scalable font definitions for TS1/phv.
)
LaTeX Font Info:    Font shape `TS1/phv/m/n' will be
(Font)              scaled to size 8.99994pt on input line 24.
LaTeX Font Info:    Font shape `T1/phv/m/n' will be
(Font)              scaled to size 8.09995pt on input line 25.
LaTeX Font Info:    Font shape `T1/phv/m/it' in size <9> not available
(Font)              Font shape `T1/phv/m/sl' tried instead on input line 25.
LaTeX Font Info:    Font shape `T1/phv/m/sl' will be
(Font)              scaled to size 8.09995pt on input line 25.
[6]
LaTeX Font Info:    Font shape `T1/phv/b/n' will be
(Font)              scaled to size 10.79993pt on input line 58.
LaTeX Font Info:    Font shape `T1/phv/b/n' will be
(Font)              scaled to size 7.19995pt on input line 65.
LaTeX Font Info:    Font shape `T1/pcr/m/it' in size <8> not available
(Font)              Font shape `T1/pcr/m/sl' tried instead on input line 76.
LaTeX Font Info:    Font shape `T1/pcr/m/it' in size <7> not available
(Font)              Font shape `T1/pcr/m/sl' tried instead on input line 76.
[7]
Underfull \hbox (badness 10000) detected at line 120
[][][]
 []


Underfull \hbox (badness 10000) detected at line 141
[][][]
 []

[8]
Underfull \hbox (badness 10000) detected at line 149
[][][]
 []

 <./classAlbum_a7400a7d5c42929eb10b965f2e1af176a_icgraph.pdf>
<classAlbum_a7400a7d5c42929eb10b965f2e1af176a_icgraph.pdf, id=1605, 460.72125pt
 x 136.51pt>
File: classAlbum_a7400a7d5c42929eb10b965f2e1af176a_icgraph.pdf Graphic file (ty
pe pdf)
<use classAlbum_a7400a7d5c42929eb10b965f2e1af176a_icgraph.pdf>
Package pdftex.def Info: classAlbum_a7400a7d5c42929eb10b965f2e1af176a_icgraph.p
df  used on input line 156.
(pdftex.def)             Requested size: 350.0pt x 103.70284pt.

Underfull \hbox (badness 10000) detected at line 169
[][][]
 []

 <./classAlbum_a1c71eabd1bba3a56afa3e0ba9d065771_icgraph.pdf>
<classAlbum_a1c71eabd1bba3a56afa3e0ba9d065771_icgraph.pdf, id=1615, 438.63875pt
 x 210.7875pt>
File: classAlbum_a1c71eabd1bba3a56afa3e0ba9d065771_icgraph.pdf Graphic file (ty
pe pdf)
<use classAlbum_a1c71eabd1bba3a56afa3e0ba9d065771_icgraph.pdf>
Package pdftex.def Info: classAlbum_a1c71eabd1bba3a56afa3e0ba9d065771_icgraph.p
df  used on input line 176.
(pdftex.def)             Requested size: 350.0pt x 168.19601pt.

Underfull \hbox (badness 10000) detected at line 189
[][][]
 []

 <./classAlbum_aad08ac53b79e50154502938f487f0cc5_icgraph.pdf>
<classAlbum_aad08ac53b79e50154502938f487f0cc5_icgraph.pdf, id=1623, 464.73625pt
 x 210.7875pt>
File: classAlbum_aad08ac53b79e50154502938f487f0cc5_icgraph.pdf Graphic file (ty
pe pdf)
<use classAlbum_aad08ac53b79e50154502938f487f0cc5_icgraph.pdf>
Package pdftex.def Info: classAlbum_aad08ac53b79e50154502938f487f0cc5_icgraph.p
df  used on input line 196.
(pdftex.def)             Requested size: 350.0pt x 158.7528pt.
[9]
Underfull \hbox (badness 10000) detected at line 209
[][][]
 []

 <./classAlbum_a54d74a4e76f220eb29811b912a3c7643_icgraph.pdf>
<classAlbum_a54d74a4e76f220eb29811b912a3c7643_icgraph.pdf, id=1641, 451.6875pt 
x 173.64874pt>
File: classAlbum_a54d74a4e76f220eb29811b912a3c7643_icgraph.pdf Graphic file (ty
pe pdf)
<use classAlbum_a54d74a4e76f220eb29811b912a3c7643_icgraph.pdf>
Package pdftex.def Info: classAlbum_a54d74a4e76f220eb29811b912a3c7643_icgraph.p
df  used on input line 216.
(pdftex.def)             Requested size: 350.0pt x 134.56313pt.
[10]
Underfull \hbox (badness 10000) detected at line 234
[][][]
 []

 <./classAlbum_a3e30bfc672437271b2134b4e85204a0b_icgraph.pdf>
<classAlbum_a3e30bfc672437271b2134b4e85204a0b_icgraph.pdf, id=1657, 436.63126pt
 x 173.64874pt>
File: classAlbum_a3e30bfc672437271b2134b4e85204a0b_icgraph.pdf Graphic file (ty
pe pdf)
<use classAlbum_a3e30bfc672437271b2134b4e85204a0b_icgraph.pdf>
Package pdftex.def Info: classAlbum_a3e30bfc672437271b2134b4e85204a0b_icgraph.p
df  used on input line 241.
(pdftex.def)             Requested size: 350.0pt x 139.19473pt.

Underfull \hbox (badness 10000) detected at line 254
[][][]
 []

 <./classAlbum_ac7c1ad3540f1d41eea819523e1c0bc0f_icgraph.pdf>
<classAlbum_ac7c1ad3540f1d41eea819523e1c0bc0f_icgraph.pdf, id=1665, 475.7775pt 
x 210.7875pt>
File: classAlbum_ac7c1ad3540f1d41eea819523e1c0bc0f_icgraph.pdf Graphic file (ty
pe pdf)
<use classAlbum_ac7c1ad3540f1d41eea819523e1c0bc0f_icgraph.pdf>
Package pdftex.def Info: classAlbum_ac7c1ad3540f1d41eea819523e1c0bc0f_icgraph.p
df  used on input line 261.
(pdftex.def)             Requested size: 350.0pt x 155.07008pt.
[11]
Underfull \hbox (badness 10000) detected at line 279
[][][]
 []


Underfull \hbox (badness 10000) detected at line 297
[][][]
 []

[12]) (./classAlbumList.tex <./classAlbumList__coll__graph.pdf>
<classAlbumList__coll__graph.pdf, id=1697, 234.8775pt x 271.0125pt>
File: classAlbumList__coll__graph.pdf Graphic file (type pdf)
<use classAlbumList__coll__graph.pdf>
Package pdftex.def Info: classAlbumList__coll__graph.pdf  used on input line 18
.
(pdftex.def)             Requested size: 234.0pt x 269.99867pt.
[13] [14] <./classAlbumList_a8a9387311ae947549a5e4f4ae33dfcb9_cgraph.pdf>
<classAlbumList_a8a9387311ae947549a5e4f4ae33dfcb9_cgraph.pdf, id=1743, 375.4025
pt x 173.64874pt>
File: classAlbumList_a8a9387311ae947549a5e4f4ae33dfcb9_cgraph.pdf Graphic file 
(type pdf)
<use classAlbumList_a8a9387311ae947549a5e4f4ae33dfcb9_cgraph.pdf>
Package pdftex.def Info: classAlbumList_a8a9387311ae947549a5e4f4ae33dfcb9_cgrap
h.pdf  used on input line 65.
(pdftex.def)             Requested size: 350.0pt x 161.90765pt.

Underfull \hbox (badness 10000) detected at line 96
[][][]
 []

 <./classAlbumList_a9acd4d13e86aaae978cd090f834e21a9_cgraph.pdf>
<classAlbumList_a9acd4d13e86aaae978cd090f834e21a9_cgraph.pdf, id=1751, 348.3012
5pt x 433.62pt>
File: classAlbumList_a9acd4d13e86aaae978cd090f834e21a9_cgraph.pdf Graphic file 
(type pdf)
<use classAlbumList_a9acd4d13e86aaae978cd090f834e21a9_cgraph.pdf>
Package pdftex.def Info: classAlbumList_a9acd4d13e86aaae978cd090f834e21a9_cgrap
h.pdf  used on input line 103.
(pdftex.def)             Requested size: 347.0pt x 432.01775pt.
[15] <./classAlbumList_a9acd4d13e86aaae978cd090f834e21a9_icgraph.pdf>
<classAlbumList_a9acd4d13e86aaae978cd090f834e21a9_icgraph.pdf, id=1768, 256.96p
t x 99.37125pt>
File: classAlbumList_a9acd4d13e86aaae978cd090f834e21a9_icgraph.pdf Graphic file
 (type pdf)
<use classAlbumList_a9acd4d13e86aaae978cd090f834e21a9_icgraph.pdf>
Package pdftex.def Info: classAlbumList_a9acd4d13e86aaae978cd090f834e21a9_icgra
ph.pdf  used on input line 110.
(pdftex.def)             Requested size: 256.0pt x 99.00708pt.
[16]
Underfull \hbox (badness 10000) detected at line 128
[][][]
 []

 <./classAlbumList_aece98eb6281e3d8fcfcae42a968788a4_icgraph.pdf>
<classAlbumList_aece98eb6281e3d8fcfcae42a968788a4_icgraph.pdf, id=1784, 547.043
75pt x 136.51pt>
File: classAlbumList_aece98eb6281e3d8fcfcae42a968788a4_icgraph.pdf Graphic file
 (type pdf)
<use classAlbumList_aece98eb6281e3d8fcfcae42a968788a4_icgraph.pdf>
Package pdftex.def Info: classAlbumList_aece98eb6281e3d8fcfcae42a968788a4_icgra
ph.pdf  used on input line 135.
(pdftex.def)             Requested size: 350.0pt x 87.3411pt.

Underfull \hbox (badness 10000) detected at line 148
[][][]
 []

 <./classAlbumList_a029bdd97ecd363f2bc5b7b77f5d7d938_icgraph.pdf>
<classAlbumList_a029bdd97ecd363f2bc5b7b77f5d7d938_icgraph.pdf, id=1792, 550.055
pt x 136.51pt>
File: classAlbumList_a029bdd97ecd363f2bc5b7b77f5d7d938_icgraph.pdf Graphic file
 (type pdf)
<use classAlbumList_a029bdd97ecd363f2bc5b7b77f5d7d938_icgraph.pdf>
Package pdftex.def Info: classAlbumList_a029bdd97ecd363f2bc5b7b77f5d7d938_icgra
ph.pdf  used on input line 155.
(pdftex.def)             Requested size: 350.0pt x 86.86409pt.
[17] <./classAlbumList_a99fa794c7f816491b536f879685a8a04_cgraph.pdf>
<classAlbumList_a99fa794c7f816491b536f879685a8a04_cgraph.pdf, id=1808, 374.3987
4pt x 396.48125pt>
File: classAlbumList_a99fa794c7f816491b536f879685a8a04_cgraph.pdf Graphic file 
(type pdf)
<use classAlbumList_a99fa794c7f816491b536f879685a8a04_cgraph.pdf>
Package pdftex.def Info: classAlbumList_a99fa794c7f816491b536f879685a8a04_cgrap
h.pdf  used on input line 177.
(pdftex.def)             Requested size: 350.0pt x 370.66573pt.
 <./classAlbumList_a99fa794c7f816491b536f879685a8a04_icgraph.pdf>
<classAlbumList_a99fa794c7f816491b536f879685a8a04_icgraph.pdf, id=1816, 283.057
5pt x 99.37125pt>
File: classAlbumList_a99fa794c7f816491b536f879685a8a04_icgraph.pdf Graphic file
 (type pdf)
<use classAlbumList_a99fa794c7f816491b536f879685a8a04_icgraph.pdf>
Package pdftex.def Info: classAlbumList_a99fa794c7f816491b536f879685a8a04_icgra
ph.pdf  used on input line 184.
(pdftex.def)             Requested size: 282.0pt x 99.0086pt.
) (./classArtist.tex [18] <./classArtist__coll__graph.pdf>
<classArtist__coll__graph.pdf, id=1834, 214.8025pt x 185.69376pt>
File: classArtist__coll__graph.pdf Graphic file (type pdf)
<use classArtist__coll__graph.pdf>
Package pdftex.def Info: classArtist__coll__graph.pdf  used on input line 18.
(pdftex.def)             Requested size: 214.0pt x 185.00192pt.
[19]
Underfull \hbox (badness 10000) detected at line 76
[][][]
 []

 <./classArtist_ada3713832b9dfdbbf8cec8ac5305ab2d_icgraph.pdf>
<classArtist_ada3713832b9dfdbbf8cec8ac5305ab2d_icgraph.pdf, id=1858, 436.63126p
t x 247.92625pt>
File: classArtist_ada3713832b9dfdbbf8cec8ac5305ab2d_icgraph.pdf Graphic file (t
ype pdf)
<use classArtist_ada3713832b9dfdbbf8cec8ac5305ab2d_icgraph.pdf>
Package pdftex.def Info: classArtist_ada3713832b9dfdbbf8cec8ac5305ab2d_icgraph.
pdf  used on input line 83.
(pdftex.def)             Requested size: 350.0pt x 198.7347pt.
) (./classArtistList.tex [20] <./classArtistList__coll__graph.pdf>
<classArtistList__coll__graph.pdf, id=1875, 203.76125pt x 207.77625pt>
File: classArtistList__coll__graph.pdf Graphic file (type pdf)
<use classArtistList__coll__graph.pdf>
Package pdftex.def Info: classArtistList__coll__graph.pdf  used on input line 1
8.
(pdftex.def)             Requested size: 203.0pt x 207.00848pt.
[21]
Underfull \hbox (badness 10000) detected at line 81
[][][]
 []

 <./classArtistList_a29039023e18a1c2c560edb5b42cc6506_icgraph.pdf>
<classArtistList_a29039023e18a1c2c560edb5b42cc6506_icgraph.pdf, id=1908, 367.37
25pt x 99.37125pt>
File: classArtistList_a29039023e18a1c2c560edb5b42cc6506_icgraph.pdf Graphic fil
e (type pdf)
<use classArtistList_a29039023e18a1c2c560edb5b42cc6506_icgraph.pdf>
Package pdftex.def Info: classArtistList_a29039023e18a1c2c560edb5b42cc6506_icgr
aph.pdf  used on input line 88.
(pdftex.def)             Requested size: 350.0pt x 94.6781pt.

Underfull \hbox (badness 10000) detected at line 101
[][][]
 []

 <./classArtistList_a059820503930fa166c703c3a7cd3b4a0_icgraph.pdf>
<classArtistList_a059820503930fa166c703c3a7cd3b4a0_icgraph.pdf, id=1916, 375.40
25pt x 99.37125pt>
File: classArtistList_a059820503930fa166c703c3a7cd3b4a0_icgraph.pdf Graphic fil
e (type pdf)
<use classArtistList_a059820503930fa166c703c3a7cd3b4a0_icgraph.pdf>
Package pdftex.def Info: classArtistList_a059820503930fa166c703c3a7cd3b4a0_icgr
aph.pdf  used on input line 108.
(pdftex.def)             Requested size: 350.0pt x 92.65236pt.
[22]) (./structBlock.tex <./structBlock__coll__graph.pdf>
<structBlock__coll__graph.pdf, id=1934, 256.96pt x 427.5975pt>
File: structBlock__coll__graph.pdf Graphic file (type pdf)
<use structBlock__coll__graph.pdf>
Package pdftex.def Info: structBlock__coll__graph.pdf  used on input line 18.
(pdftex.def)             Requested size: 256.0pt x 426.03053pt.
[23] [24]) (./classDate.tex <./classDate__coll__graph.pdf>
<classDate__coll__graph.pdf, id=1970, 226.8475pt x 402.50375pt>
File: classDate__coll__graph.pdf Graphic file (type pdf)
<use classDate__coll__graph.pdf>
Package pdftex.def Info: classDate__coll__graph.pdf  used on input line 18.
(pdftex.def)             Requested size: 226.0pt x 401.00418pt.
[25] [26] [27]
Underfull \hbox (badness 10000) detected at line 106
[][][]
 []

 <./classDate_a0f253815240e70f4c39cb93cc68bd3f4_icgraph.pdf>
<classDate_a0f253815240e70f4c39cb93cc68bd3f4_icgraph.pdf, id=2029, 374.39874pt 
x 136.51pt>
File: classDate_a0f253815240e70f4c39cb93cc68bd3f4_icgraph.pdf Graphic file (typ
e pdf)
<use classDate_a0f253815240e70f4c39cb93cc68bd3f4_icgraph.pdf>
Package pdftex.def Info: classDate_a0f253815240e70f4c39cb93cc68bd3f4_icgraph.pd
f  used on input line 113.
(pdftex.def)             Requested size: 350.0pt x 127.62161pt.

Underfull \hbox (badness 10000) detected at line 126
[][][]
 []

 <./classDate_a332f6e3a2f6a40d73742b6dab7be0f64_icgraph.pdf>
<classDate_a332f6e3a2f6a40d73742b6dab7be0f64_icgraph.pdf, id=2037, 385.44pt x 1
36.51pt>
File: classDate_a332f6e3a2f6a40d73742b6dab7be0f64_icgraph.pdf Graphic file (typ
e pdf)
<use classDate_a332f6e3a2f6a40d73742b6dab7be0f64_icgraph.pdf>
Package pdftex.def Info: classDate_a332f6e3a2f6a40d73742b6dab7be0f64_icgraph.pd
f  used on input line 133.
(pdftex.def)             Requested size: 350.0pt x 123.95766pt.

Underfull \hbox (badness 10000) detected at line 146
[][][]
 []

 <./classDate_a8b0869f34c2b38d108ab83ee2e770e5d_icgraph.pdf>
<classDate_a8b0869f34c2b38d108ab83ee2e770e5d_icgraph.pdf, id=2045, 375.4025pt x
 136.51pt>
File: classDate_a8b0869f34c2b38d108ab83ee2e770e5d_icgraph.pdf Graphic file (typ
e pdf)
<use classDate_a8b0869f34c2b38d108ab83ee2e770e5d_icgraph.pdf>
Package pdftex.def Info: classDate_a8b0869f34c2b38d108ab83ee2e770e5d_icgraph.pd
f  used on input line 153.
(pdftex.def)             Requested size: 350.0pt x 127.28pt.
[28]
Underfull \hbox (badness 10000) detected at line 171
[][][]
 []

[29]
Underfull \hbox (badness 10000) detected at line 189
[][][]
 []


Underfull \hbox (badness 10000) detected at line 207
[][][]
 []


Underfull \hbox (badness 10000) detected at line 225
[][][]
 []

[30]
Underfull \hbox (badness 10000) detected at line 243
[][][]
 []


Underfull \hbox (badness 10000) detected at line 261
[][][]
 []

[31]) (./classPlaylist.tex <./classPlaylist__coll__graph.pdf>
<classPlaylist__coll__graph.pdf, id=2092, 246.9225pt x 566.115pt>
File: classPlaylist__coll__graph.pdf Graphic file (type pdf)
<use classPlaylist__coll__graph.pdf>
Package pdftex.def Info: classPlaylist__coll__graph.pdf  used on input line 18.

(pdftex.def)             Requested size: 239.9139pt x 550.0pt.
[32] [33] [34]
Underfull \hbox (badness 10000) detected at line 132
[][][]
 []

[35]
Underfull \hbox (badness 10000) detected at line 157
[][][]
 []

 <./classPlaylist_aea3e692e2fcfd7e7313498037228da40_icgraph.pdf>
<classPlaylist_aea3e692e2fcfd7e7313498037228da40_icgraph.pdf, id=2187, 571.1337
4pt x 136.51pt>
File: classPlaylist_aea3e692e2fcfd7e7313498037228da40_icgraph.pdf Graphic file 
(type pdf)
<use classPlaylist_aea3e692e2fcfd7e7313498037228da40_icgraph.pdf>
Package pdftex.def Info: classPlaylist_aea3e692e2fcfd7e7313498037228da40_icgrap
h.pdf  used on input line 164.
(pdftex.def)             Requested size: 350.0pt x 83.65631pt.

Underfull \hbox (badness 10000) detected at line 184
[][][]
 []


Underfull \hbox (badness 10000) detected at line 197
[][][]
 []

 <./classPlaylist_a3fce97bb488c3ed4222028f9cd72b645_icgraph.pdf>
<classPlaylist_a3fce97bb488c3ed4222028f9cd72b645_icgraph.pdf, id=2198, 330.2337
5pt x 99.37125pt>
File: classPlaylist_a3fce97bb488c3ed4222028f9cd72b645_icgraph.pdf Graphic file 
(type pdf)
<use classPlaylist_a3fce97bb488c3ed4222028f9cd72b645_icgraph.pdf>
Package pdftex.def Info: classPlaylist_a3fce97bb488c3ed4222028f9cd72b645_icgrap
h.pdf  used on input line 204.
(pdftex.def)             Requested size: 329.0pt x 99.00406pt.
[36]
Underfull \hbox (badness 10000) detected at line 217
[][][]
 []

 <./classPlaylist_ae9f1260ea5310b51efe79b2bd7e1eb23_icgraph.pdf>
<classPlaylist_ae9f1260ea5310b51efe79b2bd7e1eb23_icgraph.pdf, id=2217, 301.125p
t x 99.37125pt>
File: classPlaylist_ae9f1260ea5310b51efe79b2bd7e1eb23_icgraph.pdf Graphic file 
(type pdf)
<use classPlaylist_ae9f1260ea5310b51efe79b2bd7e1eb23_icgraph.pdf>
Package pdftex.def Info: classPlaylist_ae9f1260ea5310b51efe79b2bd7e1eb23_icgrap
h.pdf  used on input line 224.
(pdftex.def)             Requested size: 300.0pt x 99.0086pt.

Underfull \hbox (badness 10000) detected at line 237
[][][]
 []


Underfull \hbox (badness 10000) detected at line 250
[][][]
 []

 <./classPlaylist_a81701f493986b4b67769c571eeedff1a_icgraph.pdf>
<classPlaylist_a81701f493986b4b67769c571eeedff1a_icgraph.pdf, id=2225, 460.7212
5pt x 136.51pt>
File: classPlaylist_a81701f493986b4b67769c571eeedff1a_icgraph.pdf Graphic file 
(type pdf)
<use classPlaylist_a81701f493986b4b67769c571eeedff1a_icgraph.pdf>
Package pdftex.def Info: classPlaylist_a81701f493986b4b67769c571eeedff1a_icgrap
h.pdf  used on input line 257.
(pdftex.def)             Requested size: 350.0pt x 103.70284pt.
[37]
Underfull \hbox (badness 10000) detected at line 270
[][][]
 []


Underfull \hbox (badness 10000) detected at line 283
[][][]
 []

 <./classPlaylist_a82a9c5202dd82125d6fa494bb45700d6_icgraph.pdf>
<classPlaylist_a82a9c5202dd82125d6fa494bb45700d6_icgraph.pdf, id=2241, 429.605p
t x 136.51pt>
File: classPlaylist_a82a9c5202dd82125d6fa494bb45700d6_icgraph.pdf Graphic file 
(type pdf)
<use classPlaylist_a82a9c5202dd82125d6fa494bb45700d6_icgraph.pdf>
Package pdftex.def Info: classPlaylist_a82a9c5202dd82125d6fa494bb45700d6_icgrap
h.pdf  used on input line 290.
(pdftex.def)             Requested size: 350.0pt x 111.21613pt.
[38]
Underfull \hbox (badness 10000) detected at line 308
[][][]
 []


Underfull \hbox (badness 10000) detected at line 326
[][][]
 []


Underfull \hbox (badness 10000) detected at line 344
[][][]
 []

[39]
Underfull \hbox (badness 10000) detected at line 362
[][][]
 []

 <./classPlaylist_acadbb74f13cf3f3d02dd4d1f21f4cee4_icgraph.pdf>
<classPlaylist_acadbb74f13cf3f3d02dd4d1f21f4cee4_icgraph.pdf, id=2271, 353.32pt
 x 99.37125pt>
File: classPlaylist_acadbb74f13cf3f3d02dd4d1f21f4cee4_icgraph.pdf Graphic file 
(type pdf)
<use classPlaylist_acadbb74f13cf3f3d02dd4d1f21f4cee4_icgraph.pdf>
Package pdftex.def Info: classPlaylist_acadbb74f13cf3f3d02dd4d1f21f4cee4_icgrap
h.pdf  used on input line 384.
(pdftex.def)             Requested size: 350.0pt x 98.43848pt.
 <./classPlaylist_a68414618814289b474867bf96ba5745a_icgraph.pdf>
<classPlaylist_a68414618814289b474867bf96ba5745a_icgraph.pdf, id=2280, 325.215p
t x 99.37125pt>
File: classPlaylist_a68414618814289b474867bf96ba5745a_icgraph.pdf Graphic file 
(type pdf)
<use classPlaylist_a68414618814289b474867bf96ba5745a_icgraph.pdf>
Package pdftex.def Info: classPlaylist_a68414618814289b474867bf96ba5745a_icgrap
h.pdf  used on input line 406.
(pdftex.def)             Requested size: 324.0pt x 99.00708pt.
[40]) (./classSong.tex <./classSong__coll__graph.pdf>
<classSong__coll__graph.pdf, id=2299, 231.86626pt x 331.2375pt>
File: classSong__coll__graph.pdf Graphic file (type pdf)
<use classSong__coll__graph.pdf>
Package pdftex.def Info: classSong__coll__graph.pdf  used on input line 18.
(pdftex.def)             Requested size: 231.0pt x 330.00848pt.
[41] [42]
Underfull \hbox (badness 10000) detected at line 92
[][][]
 []

 <./classSong_ae305917a759e91936bce1faf4afae886_icgraph.pdf>
<classSong_ae305917a759e91936bce1faf4afae886_icgraph.pdf, id=2347, 503.8825pt x
 210.7875pt>
File: classSong_ae305917a759e91936bce1faf4afae886_icgraph.pdf Graphic file (typ
e pdf)
<use classSong_ae305917a759e91936bce1faf4afae886_icgraph.pdf>
Package pdftex.def Info: classSong_ae305917a759e91936bce1faf4afae886_icgraph.pd
f  used on input line 99.
(pdftex.def)             Requested size: 350.0pt x 146.41487pt.
[43]
Underfull \hbox (badness 10000) detected at line 112
[][][]
 []

 <./classSong_ac84072062021a880613034b02f74c301_icgraph.pdf>
<classSong_ac84072062021a880613034b02f74c301_icgraph.pdf, id=2367, 468.75125pt 
x 173.64874pt>
File: classSong_ac84072062021a880613034b02f74c301_icgraph.pdf Graphic file (typ
e pdf)
<use classSong_ac84072062021a880613034b02f74c301_icgraph.pdf>
Package pdftex.def Info: classSong_ac84072062021a880613034b02f74c301_icgraph.pd
f  used on input line 119.
(pdftex.def)             Requested size: 350.0pt x 129.65596pt.

Underfull \hbox (badness 10000) detected at line 132
[][][]
 []

 <./classSong_a925af949926d58af4a28daa9ad2f993e_icgraph.pdf>
<classSong_a925af949926d58af4a28daa9ad2f993e_icgraph.pdf, id=2383, 483.8075pt x
 287.0725pt>
File: classSong_a925af949926d58af4a28daa9ad2f993e_icgraph.pdf Graphic file (typ
e pdf)
<use classSong_a925af949926d58af4a28daa9ad2f993e_icgraph.pdf>
Package pdftex.def Info: classSong_a925af949926d58af4a28daa9ad2f993e_icgraph.pd
f  used on input line 139.
(pdftex.def)             Requested size: 350.0pt x 207.68637pt.
[44]
Underfull \hbox (badness 10000) detected at line 157
[][][]
 []

[45]
Underfull \hbox (badness 10000) detected at line 175
[][][]
 []

) (./classSongList.tex <./classSongList__coll__graph.pdf>
<classSongList__coll__graph.pdf, id=2419, 265.99374pt x 262.9825pt>
File: classSongList__coll__graph.pdf Graphic file (type pdf)
<use classSongList__coll__graph.pdf>
Package pdftex.def Info: classSongList__coll__graph.pdf  used on input line 18.

(pdftex.def)             Requested size: 265.0pt x 262.02278pt.
[46] [47] <./classSongList_a08466314e695fd6822fc23d217f68210_cgraph.pdf>
<classSongList_a08466314e695fd6822fc23d217f68210_cgraph.pdf, id=2462, 507.8975p
t x 210.7875pt>
File: classSongList_a08466314e695fd6822fc23d217f68210_cgraph.pdf Graphic file (
type pdf)
<use classSongList_a08466314e695fd6822fc23d217f68210_cgraph.pdf>
Package pdftex.def Info: classSongList_a08466314e695fd6822fc23d217f68210_cgraph
.pdf  used on input line 59.
(pdftex.def)             Requested size: 350.0pt x 145.2602pt.
[48]
Underfull \hbox (badness 10000) detected at line 98
[][][]
 []

 <./classSongList_aead7f865a0c47db9a0ea47d29a483d64_cgraph.pdf>
<classSongList_aead7f865a0c47db9a0ea47d29a483d64_cgraph.pdf, id=2480, 366.36874
pt x 210.7875pt>
File: classSongList_aead7f865a0c47db9a0ea47d29a483d64_cgraph.pdf Graphic file (
type pdf)
<use classSongList_aead7f865a0c47db9a0ea47d29a483d64_cgraph.pdf>
Package pdftex.def Info: classSongList_aead7f865a0c47db9a0ea47d29a483d64_cgraph
.pdf  used on input line 105.
(pdftex.def)             Requested size: 350.0pt x 201.38235pt.
 <./classSongList_aead7f865a0c47db9a0ea47d29a483d64_icgraph.pdf>
<classSongList_aead7f865a0c47db9a0ea47d29a483d64_icgraph.pdf, id=2489, 328.2262
6pt x 136.51pt>
File: classSongList_aead7f865a0c47db9a0ea47d29a483d64_icgraph.pdf Graphic file 
(type pdf)
<use classSongList_aead7f865a0c47db9a0ea47d29a483d64_icgraph.pdf>
Package pdftex.def Info: classSongList_aead7f865a0c47db9a0ea47d29a483d64_icgrap
h.pdf  used on input line 112.
(pdftex.def)             Requested size: 327.0pt x 136.0014pt.
[49]
Underfull \hbox (badness 10000) detected at line 142
[][][]
 []


Underfull \hbox (badness 10000) detected at line 162
[][][]
 []

 <./classSongList_a0e2a4e0a0aabf74dd867dcf19a83d125_cgraph.pdf>
<classSongList_a0e2a4e0a0aabf74dd867dcf19a83d125_cgraph.pdf, id=2506, 327.2225p
t x 173.64874pt>
File: classSongList_a0e2a4e0a0aabf74dd867dcf19a83d125_cgraph.pdf Graphic file (
type pdf)
<use classSongList_a0e2a4e0a0aabf74dd867dcf19a83d125_cgraph.pdf>
Package pdftex.def Info: classSongList_a0e2a4e0a0aabf74dd867dcf19a83d125_cgraph
.pdf  used on input line 169.
(pdftex.def)             Requested size: 326.0pt x 172.99915pt.
 <./classSongList_a0e2a4e0a0aabf74dd867dcf19a83d125_icgraph.pdf>
<classSongList_a0e2a4e0a0aabf74dd867dcf19a83d125_icgraph.pdf, id=2521, 321.2pt 
x 136.51pt>
File: classSongList_a0e2a4e0a0aabf74dd867dcf19a83d125_icgraph.pdf Graphic file 
(type pdf)
<use classSongList_a0e2a4e0a0aabf74dd867dcf19a83d125_icgraph.pdf>
Package pdftex.def Info: classSongList_a0e2a4e0a0aabf74dd867dcf19a83d125_icgrap
h.pdf  used on input line 176.
(pdftex.def)             Requested size: 320.0pt x 136.0035pt.
[50]) (./classSpotifry.tex <./classSpotifry__coll__graph.pdf>
<classSpotifry__coll__graph.pdf, id=2546, 236.885pt x 497.86pt>
File: classSpotifry__coll__graph.pdf Graphic file (type pdf)
<use classSpotifry__coll__graph.pdf>
Package pdftex.def Info: classSpotifry__coll__graph.pdf  used on input line 18.

(pdftex.def)             Requested size: 236.0pt x 496.01277pt.
[51] [52] <./classSpotifry_a71986a83aace165403a4156263801b5f_cgraph.pdf>
<classSpotifry_a71986a83aace165403a4156263801b5f_cgraph.pdf, id=2596, 532.99126
pt x 387.4475pt>
File: classSpotifry_a71986a83aace165403a4156263801b5f_cgraph.pdf Graphic file (
type pdf)
<use classSpotifry_a71986a83aace165403a4156263801b5f_cgraph.pdf>
Package pdftex.def Info: classSpotifry_a71986a83aace165403a4156263801b5f_cgraph
.pdf  used on input line 81.
(pdftex.def)             Requested size: 350.0pt x 254.43324pt.
[53]
Underfull \hbox (badness 10000) detected at line 102
[][][]
 []

 <./classSpotifry_abf11042fe54cb15433352375df260224_cgraph.pdf>
<classSpotifry_abf11042fe54cb15433352375df260224_cgraph.pdf, id=2625, 366.36874
pt x 99.37125pt>
File: classSpotifry_abf11042fe54cb15433352375df260224_cgraph.pdf Graphic file (
type pdf)
<use classSpotifry_abf11042fe54cb15433352375df260224_cgraph.pdf>
Package pdftex.def Info: classSpotifry_abf11042fe54cb15433352375df260224_cgraph
.pdf  used on input line 109.
(pdftex.def)             Requested size: 350.0pt x 94.9374pt.
 <./classSpotifry_abf11042fe54cb15433352375df260224_icgraph.pdf>
<classSpotifry_abf11042fe54cb15433352375df260224_icgraph.pdf, id=2633, 265.9937
4pt x 99.37125pt>
File: classSpotifry_abf11042fe54cb15433352375df260224_icgraph.pdf Graphic file 
(type pdf)
<use classSpotifry_abf11042fe54cb15433352375df260224_icgraph.pdf>
Package pdftex.def Info: classSpotifry_abf11042fe54cb15433352375df260224_icgrap
h.pdf  used on input line 116.
(pdftex.def)             Requested size: 265.0pt x 99.0086pt.
[54]
Underfull \hbox (badness 10000) detected at line 140
[][][]
 []

 <./classSpotifry_a0dacaec892f8e85887ababa03566e0f5_cgraph.pdf>
<classSpotifry_a0dacaec892f8e85887ababa03566e0f5_cgraph.pdf, id=2649, 536.0025p
t x 211.79124pt>
File: classSpotifry_a0dacaec892f8e85887ababa03566e0f5_cgraph.pdf Graphic file (
type pdf)
<use classSpotifry_a0dacaec892f8e85887ababa03566e0f5_cgraph.pdf>
Package pdftex.def Info: classSpotifry_a0dacaec892f8e85887ababa03566e0f5_cgraph
.pdf  used on input line 147.
(pdftex.def)             Requested size: 350.0pt x 138.29608pt.
 <./classSpotifry_a0dacaec892f8e85887ababa03566e0f5_icgraph.pdf>
<classSpotifry_a0dacaec892f8e85887ababa03566e0f5_icgraph.pdf, id=2657, 285.065p
t x 99.37125pt>
File: classSpotifry_a0dacaec892f8e85887ababa03566e0f5_icgraph.pdf Graphic file 
(type pdf)
<use classSpotifry_a0dacaec892f8e85887ababa03566e0f5_icgraph.pdf>
Package pdftex.def Info: classSpotifry_a0dacaec892f8e85887ababa03566e0f5_icgrap
h.pdf  used on input line 154.
(pdftex.def)             Requested size: 284.0pt x 98.99951pt.
[55]
Underfull \hbox (badness 10000) detected at line 172
[][][]
 []

 <./classSpotifry_a663e27a3b2636ba2e7c3b19febc81cfd_cgraph.pdf>
<classSpotifry_a663e27a3b2636ba2e7c3b19febc81cfd_cgraph.pdf, id=2673, 408.52625
pt x 433.62pt>
File: classSpotifry_a663e27a3b2636ba2e7c3b19febc81cfd_cgraph.pdf Graphic file (
type pdf)
<use classSpotifry_a663e27a3b2636ba2e7c3b19febc81cfd_cgraph.pdf>
Package pdftex.def Info: classSpotifry_a663e27a3b2636ba2e7c3b19febc81cfd_cgraph
.pdf  used on input line 179.
(pdftex.def)             Requested size: 350.0pt x 371.51646pt.
[56] <./classSpotifry_a663e27a3b2636ba2e7c3b19febc81cfd_icgraph.pdf>
<classSpotifry_a663e27a3b2636ba2e7c3b19febc81cfd_icgraph.pdf, id=2688, 306.1437
5pt x 99.37125pt>
File: classSpotifry_a663e27a3b2636ba2e7c3b19febc81cfd_icgraph.pdf Graphic file 
(type pdf)
<use classSpotifry_a663e27a3b2636ba2e7c3b19febc81cfd_icgraph.pdf>
Package pdftex.def Info: classSpotifry_a663e27a3b2636ba2e7c3b19febc81cfd_icgrap
h.pdf  used on input line 186.
(pdftex.def)             Requested size: 305.0pt x 99.00557pt.
[57]
Underfull \hbox (badness 10000) detected at line 204
[][][]
 []

 <./classSpotifry_a1e996539672bfc8c7cbd585aa7da5668_cgraph.pdf>
<classSpotifry_a1e996539672bfc8c7cbd585aa7da5668_cgraph.pdf, id=2704, 397.485pt
 x 210.7875pt>
File: classSpotifry_a1e996539672bfc8c7cbd585aa7da5668_cgraph.pdf Graphic file (
type pdf)
<use classSpotifry_a1e996539672bfc8c7cbd585aa7da5668_cgraph.pdf>
Package pdftex.def Info: classSpotifry_a1e996539672bfc8c7cbd585aa7da5668_cgraph
.pdf  used on input line 211.
(pdftex.def)             Requested size: 350.0pt x 185.61258pt.
 <./classSpotifry_a1e996539672bfc8c7cbd585aa7da5668_icgraph.pdf>
<classSpotifry_a1e996539672bfc8c7cbd585aa7da5668_icgraph.pdf, id=2712, 297.11pt
 x 99.37125pt>
File: classSpotifry_a1e996539672bfc8c7cbd585aa7da5668_icgraph.pdf Graphic file 
(type pdf)
<use classSpotifry_a1e996539672bfc8c7cbd585aa7da5668_icgraph.pdf>
Package pdftex.def Info: classSpotifry_a1e996539672bfc8c7cbd585aa7da5668_icgrap
h.pdf  used on input line 218.
(pdftex.def)             Requested size: 296.0pt x 99.00406pt.

Underfull \hbox (badness 10000) detected at line 231
[][][]
 []

 <./classSpotifry_a051f93bdbcb7b1cbb90379c11fc5305a_icgraph.pdf>
<classSpotifry_a051f93bdbcb7b1cbb90379c11fc5305a_icgraph.pdf, id=2721, 283.0575
pt x 99.37125pt>
File: classSpotifry_a051f93bdbcb7b1cbb90379c11fc5305a_icgraph.pdf Graphic file 
(type pdf)
<use classSpotifry_a051f93bdbcb7b1cbb90379c11fc5305a_icgraph.pdf>
Package pdftex.def Info: classSpotifry_a051f93bdbcb7b1cbb90379c11fc5305a_icgrap
h.pdf  used on input line 238.
(pdftex.def)             Requested size: 282.0pt x 99.0086pt.
[58]
Underfull \hbox (badness 10000) detected at line 251
[][][]
 []

 <./classSpotifry_ad45a7aa9d64bb8a9c61ee6bf4e884dde_icgraph.pdf>
<classSpotifry_ad45a7aa9d64bb8a9c61ee6bf4e884dde_icgraph.pdf, id=2738, 275.0275
pt x 99.37125pt>
File: classSpotifry_ad45a7aa9d64bb8a9c61ee6bf4e884dde_icgraph.pdf Graphic file 
(type pdf)
<use classSpotifry_ad45a7aa9d64bb8a9c61ee6bf4e884dde_icgraph.pdf>
Package pdftex.def Info: classSpotifry_ad45a7aa9d64bb8a9c61ee6bf4e884dde_icgrap
h.pdf  used on input line 258.
(pdftex.def)             Requested size: 274.0pt x 99.0086pt.

Underfull \hbox (badness 10000) detected at line 271
[][][]
 []

[59]
Underfull \hbox (badness 10000) detected at line 289
[][][]
 []

 <./classSpotifry_a429e70ab7a986fd1bcc99d2c47748a6a_icgraph.pdf>
<classSpotifry_a429e70ab7a986fd1bcc99d2c47748a6a_icgraph.pdf, id=2755, 458.7137
5pt x 99.37125pt>
File: classSpotifry_a429e70ab7a986fd1bcc99d2c47748a6a_icgraph.pdf Graphic file 
(type pdf)
<use classSpotifry_a429e70ab7a986fd1bcc99d2c47748a6a_icgraph.pdf>
Package pdftex.def Info: classSpotifry_a429e70ab7a986fd1bcc99d2c47748a6a_icgrap
h.pdf  used on input line 296.
(pdftex.def)             Requested size: 350.0pt x 75.82466pt.

Underfull \hbox (badness 10000) detected at line 314
[][][]
 []


Underfull \hbox (badness 10000) detected at line 322
[][][]
 []

 <./classSpotifry_aef0d3bee4942a6338b455c964ee56208_cgraph.pdf>
<classSpotifry_aef0d3bee4942a6338b455c964ee56208_cgraph.pdf, id=2763, 381.425pt
 x 99.37125pt>
File: classSpotifry_aef0d3bee4942a6338b455c964ee56208_cgraph.pdf Graphic file (
type pdf)
<use classSpotifry_aef0d3bee4942a6338b455c964ee56208_cgraph.pdf>
Package pdftex.def Info: classSpotifry_aef0d3bee4942a6338b455c964ee56208_cgraph
.pdf  used on input line 329.
(pdftex.def)             Requested size: 350.0pt x 91.18762pt.
[60] <./classSpotifry_aef0d3bee4942a6338b455c964ee56208_icgraph.pdf>
<classSpotifry_aef0d3bee4942a6338b455c964ee56208_icgraph.pdf, id=2780, 306.1437
5pt x 99.37125pt>
File: classSpotifry_aef0d3bee4942a6338b455c964ee56208_icgraph.pdf Graphic file 
(type pdf)
<use classSpotifry_aef0d3bee4942a6338b455c964ee56208_icgraph.pdf>
Package pdftex.def Info: classSpotifry_aef0d3bee4942a6338b455c964ee56208_icgrap
h.pdf  used on input line 336.
(pdftex.def)             Requested size: 305.0pt x 99.00557pt.

Underfull \hbox (badness 10000) detected at line 354
[][][]
 []

 <./classSpotifry_a062ee70449582def7fe683bbd4611df8_cgraph.pdf>
<classSpotifry_a062ee70449582def7fe683bbd4611df8_cgraph.pdf, id=2788, 381.425pt
 x 136.51pt>
File: classSpotifry_a062ee70449582def7fe683bbd4611df8_cgraph.pdf Graphic file (
type pdf)
<use classSpotifry_a062ee70449582def7fe683bbd4611df8_cgraph.pdf>
Package pdftex.def Info: classSpotifry_a062ee70449582def7fe683bbd4611df8_cgraph
.pdf  used on input line 361.
(pdftex.def)             Requested size: 350.0pt x 125.26785pt.
[61] <./classSpotifry_a062ee70449582def7fe683bbd4611df8_icgraph.pdf>
<classSpotifry_a062ee70449582def7fe683bbd4611df8_icgraph.pdf, id=2804, 281.05pt
 x 99.37125pt>
File: classSpotifry_a062ee70449582def7fe683bbd4611df8_icgraph.pdf Graphic file 
(type pdf)
<use classSpotifry_a062ee70449582def7fe683bbd4611df8_icgraph.pdf>
Package pdftex.def Info: classSpotifry_a062ee70449582def7fe683bbd4611df8_icgrap
h.pdf  used on input line 368.
(pdftex.def)             Requested size: 280.0pt x 99.00557pt.

Underfull \hbox (badness 10000) detected at line 386
[][][]
 []

 <./classSpotifry_a98dd0e4af1eab2994b6834a503146f01_cgraph.pdf>
<classSpotifry_a98dd0e4af1eab2994b6834a503146f01_cgraph.pdf, id=2812, 371.3875p
t x 136.51pt>
File: classSpotifry_a98dd0e4af1eab2994b6834a503146f01_cgraph.pdf Graphic file (
type pdf)
<use classSpotifry_a98dd0e4af1eab2994b6834a503146f01_cgraph.pdf>
Package pdftex.def Info: classSpotifry_a98dd0e4af1eab2994b6834a503146f01_cgraph
.pdf  used on input line 393.
(pdftex.def)             Requested size: 350.0pt x 128.6506pt.
[62] <./classSpotifry_a98dd0e4af1eab2994b6834a503146f01_icgraph.pdf>
<classSpotifry_a98dd0e4af1eab2994b6834a503146f01_icgraph.pdf, id=2828, 432.6162
6pt x 175.65625pt>
File: classSpotifry_a98dd0e4af1eab2994b6834a503146f01_icgraph.pdf Graphic file 
(type pdf)
<use classSpotifry_a98dd0e4af1eab2994b6834a503146f01_icgraph.pdf>
Package pdftex.def Info: classSpotifry_a98dd0e4af1eab2994b6834a503146f01_icgrap
h.pdf  used on input line 400.
(pdftex.def)             Requested size: 350.0pt x 142.11726pt.

Underfull \hbox (badness 10000) detected at line 422
[][][]
 []

 <./classSpotifry_a0717561700f9f654c4a62eb1b254f033_icgraph.pdf>
<classSpotifry_a0717561700f9f654c4a62eb1b254f033_icgraph.pdf, id=2836, 274.0237
4pt x 99.37125pt>
File: classSpotifry_a0717561700f9f654c4a62eb1b254f033_icgraph.pdf Graphic file 
(type pdf)
<use classSpotifry_a0717561700f9f654c4a62eb1b254f033_icgraph.pdf>
Package pdftex.def Info: classSpotifry_a0717561700f9f654c4a62eb1b254f033_icgrap
h.pdf  used on input line 429.
(pdftex.def)             Requested size: 273.0pt x 99.00708pt.
[63]) (./classUser.tex <./classUser__coll__graph.pdf>
<classUser__coll__graph.pdf, id=2855, 231.86626pt x 692.5875pt>
File: classUser__coll__graph.pdf Graphic file (type pdf)
<use classUser__coll__graph.pdf>
Package pdftex.def Info: classUser__coll__graph.pdf  used on input line 18.
(pdftex.def)             Requested size: 184.13466pt x 550.0pt.
[64] [65]
LaTeX Font Info:    Font shape `T1/pcr/m/it' in size <9> not available
(Font)              Font shape `T1/pcr/m/sl' tried instead on input line 55.
[66]
Underfull \hbox (badness 10000) detected at line 132
[][][]
 []

[67]
Underfull \hbox (badness 10000) detected at line 155
[][][]
 []


Underfull \hbox (badness 10000) detected at line 163
[][][]
 []

 <./classUser_a50bea2ec057b392d4d02f94be3d0c9d4_icgraph.pdf>
<classUser_a50bea2ec057b392d4d02f94be3d0c9d4_icgraph.pdf, id=2957, 569.12625pt 
x 136.51pt>
File: classUser_a50bea2ec057b392d4d02f94be3d0c9d4_icgraph.pdf Graphic file (typ
e pdf)
<use classUser_a50bea2ec057b392d4d02f94be3d0c9d4_icgraph.pdf>
Package pdftex.def Info: classUser_a50bea2ec057b392d4d02f94be3d0c9d4_icgraph.pd
f  used on input line 170.
(pdftex.def)             Requested size: 350.0pt x 83.95418pt.
[68]
Underfull \hbox (badness 10000) detected at line 188
[][][]
 []

 <./classUser_a2bbb162ebbf3092bab6487a62f32a528_icgraph.pdf>
<classUser_a2bbb162ebbf3092bab6487a62f32a528_icgraph.pdf, id=2975, 302.12875pt 
x 99.37125pt>
File: classUser_a2bbb162ebbf3092bab6487a62f32a528_icgraph.pdf Graphic file (typ
e pdf)
<use classUser_a2bbb162ebbf3092bab6487a62f32a528_icgraph.pdf>
Package pdftex.def Info: classUser_a2bbb162ebbf3092bab6487a62f32a528_icgraph.pd
f  used on input line 195.
(pdftex.def)             Requested size: 301.0pt x 98.99951pt.

Underfull \hbox (badness 10000) detected at line 219
[][][]
 []


Underfull \hbox (badness 10000) detected at line 231
[][][]
 []

 <./classUser_a1edfce8450e06f0ad43b3fd839647bbd_cgraph.pdf>
<classUser_a1edfce8450e06f0ad43b3fd839647bbd_cgraph.pdf, id=2984, 330.23375pt x
 136.51pt>
File: classUser_a1edfce8450e06f0ad43b3fd839647bbd_cgraph.pdf Graphic file (type
 pdf)
<use classUser_a1edfce8450e06f0ad43b3fd839647bbd_cgraph.pdf>
Package pdftex.def Info: classUser_a1edfce8450e06f0ad43b3fd839647bbd_cgraph.pdf
  used on input line 238.
(pdftex.def)             Requested size: 329.0pt x 136.00557pt.
[69] <./classUser_a1edfce8450e06f0ad43b3fd839647bbd_icgraph.pdf>
<classUser_a1edfce8450e06f0ad43b3fd839647bbd_icgraph.pdf, id=3002, 433.62pt x 1
36.51pt>
File: classUser_a1edfce8450e06f0ad43b3fd839647bbd_icgraph.pdf Graphic file (typ
e pdf)
<use classUser_a1edfce8450e06f0ad43b3fd839647bbd_icgraph.pdf>
Package pdftex.def Info: classUser_a1edfce8450e06f0ad43b3fd839647bbd_icgraph.pd
f  used on input line 245.
(pdftex.def)             Requested size: 350.0pt x 110.1913pt.

Underfull \hbox (badness 10000) detected at line 263
[][][]
 []

[70]
Underfull \hbox (badness 10000) detected at line 271
[][][]
 []


Underfull \hbox (badness 10000) detected at line 289
[][][]
 []


Underfull \hbox (badness 10000) detected at line 302
[][][]
 []

 <./classUser_ae3795e6f0bd67b7cbeb6419f56530925_icgraph.pdf>
<classUser_ae3795e6f0bd67b7cbeb6419f56530925_icgraph.pdf, id=3022, 297.11pt x 9
9.37125pt>
File: classUser_ae3795e6f0bd67b7cbeb6419f56530925_icgraph.pdf Graphic file (typ
e pdf)
<use classUser_ae3795e6f0bd67b7cbeb6419f56530925_icgraph.pdf>
Package pdftex.def Info: classUser_ae3795e6f0bd67b7cbeb6419f56530925_icgraph.pd
f  used on input line 309.
(pdftex.def)             Requested size: 296.0pt x 99.00406pt.

Underfull \hbox (badness 10000) detected at line 322
[][][]
 []

 <./classUser_a4c647e583bd964f40f687776a0d185dc_icgraph.pdf>
<classUser_a4c647e583bd964f40f687776a0d185dc_icgraph.pdf, id=3030, 280.04625pt 
x 99.37125pt>
File: classUser_a4c647e583bd964f40f687776a0d185dc_icgraph.pdf Graphic file (typ
e pdf)
<use classUser_a4c647e583bd964f40f687776a0d185dc_icgraph.pdf>
Package pdftex.def Info: classUser_a4c647e583bd964f40f687776a0d185dc_icgraph.pd
f  used on input line 329.
(pdftex.def)             Requested size: 279.0pt x 99.00406pt.
[71]
Underfull \hbox (badness 10000) detected at line 342
[][][]
 []

 <./classUser_a070cd46011fd85d8c18451fdaf5ced25_icgraph.pdf>
<classUser_a070cd46011fd85d8c18451fdaf5ced25_icgraph.pdf, id=3045, 287.0725pt x
 99.37125pt>
File: classUser_a070cd46011fd85d8c18451fdaf5ced25_icgraph.pdf Graphic file (typ
e pdf)
<use classUser_a070cd46011fd85d8c18451fdaf5ced25_icgraph.pdf>
Package pdftex.def Info: classUser_a070cd46011fd85d8c18451fdaf5ced25_icgraph.pd
f  used on input line 349.
(pdftex.def)             Requested size: 286.0pt x 99.00253pt.

Underfull \hbox (badness 10000) detected at line 362
[][][]
 []

 <./classUser_ab9b2b5feb6bdd1582696eb6d44cee384_icgraph.pdf>
<classUser_ab9b2b5feb6bdd1582696eb6d44cee384_icgraph.pdf, id=3053, 281.05pt x 1
36.51pt>
File: classUser_ab9b2b5feb6bdd1582696eb6d44cee384_icgraph.pdf Graphic file (typ
e pdf)
<use classUser_ab9b2b5feb6bdd1582696eb6d44cee384_icgraph.pdf>
Package pdftex.def Info: classUser_ab9b2b5feb6bdd1582696eb6d44cee384_icgraph.pd
f  used on input line 369.
(pdftex.def)             Requested size: 280.0pt x 136.00766pt.
[72]
Underfull \hbox (badness 10000) detected at line 382
[][][]
 []

 <./classUser_a2479e486c1e53a38b5ce68654bc207ae_icgraph.pdf>
<classUser_a2479e486c1e53a38b5ce68654bc207ae_icgraph.pdf, id=3068, 458.71375pt 
x 210.7875pt>
File: classUser_a2479e486c1e53a38b5ce68654bc207ae_icgraph.pdf Graphic file (typ
e pdf)
<use classUser_a2479e486c1e53a38b5ce68654bc207ae_icgraph.pdf>
Package pdftex.def Info: classUser_a2479e486c1e53a38b5ce68654bc207ae_icgraph.pd
f  used on input line 389.
(pdftex.def)             Requested size: 350.0pt x 160.84021pt.

Underfull \hbox (badness 10000) detected at line 402
[][][]
 []

 <./classUser_a76747aa652a16c919beb7fed821ec083_icgraph.pdf>
<classUser_a76747aa652a16c919beb7fed821ec083_icgraph.pdf, id=3076, 633.36626pt 
x 212.795pt>
File: classUser_a76747aa652a16c919beb7fed821ec083_icgraph.pdf Graphic file (typ
e pdf)
<use classUser_a76747aa652a16c919beb7fed821ec083_icgraph.pdf>
Package pdftex.def Info: classUser_a76747aa652a16c919beb7fed821ec083_icgraph.pd
f  used on input line 409.
(pdftex.def)             Requested size: 350.0pt x 117.59283pt.
[73]
Underfull \hbox (badness 10000) detected at line 427
[][][]
 []


Overfull \vbox (18.27457pt too high) has occurred while \output is active []

[74]
Underfull \hbox (badness 10000) detected at line 447
[][][]
 []


Underfull \hbox (badness 10000) detected at line 465
[][][]
 []


Underfull \hbox (badness 10000) detected at line 483
[][][]
 []

[75]) (./classUserList.tex <./classUserList__coll__graph.pdf>
<classUserList__coll__graph.pdf, id=3121, 232.87pt x 275.0275pt>
File: classUserList__coll__graph.pdf Graphic file (type pdf)
<use classUserList__coll__graph.pdf>
Package pdftex.def Info: classUserList__coll__graph.pdf  used on input line 18.

(pdftex.def)             Requested size: 232.0pt x 274.01125pt.
[76] [77] [78] <./classUserList_af8ff6d909af4608a32665d537d4d5982_cgraph.pdf>
<classUserList_af8ff6d909af4608a32665d537d4d5982_cgraph.pdf, id=3171, 322.20375
pt x 99.37125pt>
File: classUserList_af8ff6d909af4608a32665d537d4d5982_cgraph.pdf Graphic file (
type pdf)
<use classUserList_af8ff6d909af4608a32665d537d4d5982_cgraph.pdf>
Package pdftex.def Info: classUserList_af8ff6d909af4608a32665d537d4d5982_cgraph
.pdf  used on input line 65.
(pdftex.def)             Requested size: 321.0pt x 99.00406pt.

Underfull \hbox (badness 10000) detected at line 96
[][][]
 []

[79]
Underfull \hbox (badness 10000) detected at line 114
[][][]
 []

 <./classUserList_a2c693e9cfb7281daae01aaef479856a9_icgraph.pdf>
<classUserList_a2c693e9cfb7281daae01aaef479856a9_icgraph.pdf, id=3189, 322.2037
5pt x 99.37125pt>
File: classUserList_a2c693e9cfb7281daae01aaef479856a9_icgraph.pdf Graphic file 
(type pdf)
<use classUserList_a2c693e9cfb7281daae01aaef479856a9_icgraph.pdf>
Package pdftex.def Info: classUserList_a2c693e9cfb7281daae01aaef479856a9_icgrap
h.pdf  used on input line 121.
(pdftex.def)             Requested size: 321.0pt x 99.00406pt.

Underfull \hbox (badness 10000) detected at line 134
[][][]
 []


Underfull \hbox (badness 10000) detected at line 147
[][][]
 []

[80]
Underfull \hbox (badness 10000) detected at line 165
[][][]
 []

 <./classUserList_ae26b51fb404689da78090dd336230459_icgraph.pdf>
<classUserList_ae26b51fb404689da78090dd336230459_icgraph.pdf, id=3206, 659.4637
5pt x 329.23pt>
File: classUserList_ae26b51fb404689da78090dd336230459_icgraph.pdf Graphic file 
(type pdf)
<use classUserList_ae26b51fb404689da78090dd336230459_icgraph.pdf>
Package pdftex.def Info: classUserList_ae26b51fb404689da78090dd336230459_icgrap
h.pdf  used on input line 172.
(pdftex.def)             Requested size: 350.0pt x 174.73721pt.
) [81] [82

]
Chapter 4.
(./album_8h.tex <./album_8h__incl.pdf>
<album_8h__incl.pdf, id=3229, 277.035pt x 209.78375pt>
File: album_8h__incl.pdf Graphic file (type pdf)
<use album_8h__incl.pdf>
Package pdftex.def Info: album_8h__incl.pdf  used on input line 16.
(pdftex.def)             Requested size: 276.0pt x 209.00215pt.
 <./album_8h__dep__incl.pdf>
<album_8h__dep__incl.pdf, id=3237, 481.8pt x 320.19624pt>
File: album_8h__dep__incl.pdf Graphic file (type pdf)
<use album_8h__dep__incl.pdf>
Package pdftex.def Info: album_8h__dep__incl.pdf  used on input line 23.
(pdftex.def)             Requested size: 350.0pt x 232.6078pt.
[83]
Underfull \hbox (badness 10000) detected at line 41
[][][]
 []

[84]
Underfull \hbox (badness 10000) detected at line 64
[][][]
 []


Underfull \hbox (badness 10000) detected at line 74
[][][]
 []

 <./album_8h_a075843d3817d4532f7296e6394440fa5_cgraph.pdf>
<album_8h_a075843d3817d4532f7296e6394440fa5_cgraph.pdf, id=3265, 323.2075pt x 2
10.7875pt>
File: album_8h_a075843d3817d4532f7296e6394440fa5_cgraph.pdf Graphic file (type 
pdf)
<use album_8h_a075843d3817d4532f7296e6394440fa5_cgraph.pdf>
Package pdftex.def Info: album_8h_a075843d3817d4532f7296e6394440fa5_cgraph.pdf 
 used on input line 81.
(pdftex.def)             Requested size: 322.0pt x 210.01184pt.
) (./album_8h_source.tex [85]) (./albumlist_8h.tex <./albumlist_8h__incl.pdf>
<albumlist_8h__incl.pdf, id=3324, 340.27126pt x 264.99pt>
File: albumlist_8h__incl.pdf Graphic file (type pdf)
<use albumlist_8h__incl.pdf>
Package pdftex.def Info: albumlist_8h__incl.pdf  used on input line 14.
(pdftex.def)             Requested size: 339.0pt x 264.01488pt.
[86] <./albumlist_8h__dep__incl.pdf>
<albumlist_8h__dep__incl.pdf, id=3337, 420.57124pt x 264.99pt>
File: albumlist_8h__dep__incl.pdf Graphic file (type pdf)
<use albumlist_8h__dep__incl.pdf>
Package pdftex.def Info: albumlist_8h__dep__incl.pdf  used on input line 21.
(pdftex.def)             Requested size: 350.0pt x 220.52794pt.
[87]
Underfull \hbox (badness 10000) detected at line 39
[][][]
 []

) (./albumlist_8h_source.tex) (./artist_8h.tex <./artist_8h__incl.pdf>
<artist_8h__incl.pdf, id=3377, 169.63374pt x 154.5775pt>
File: artist_8h__incl.pdf Graphic file (type pdf)
<use artist_8h__incl.pdf>
Package pdftex.def Info: artist_8h__incl.pdf  used on input line 13.
(pdftex.def)             Requested size: 169.0pt x 154.0063pt.
[88] <./artist_8h__dep__incl.pdf>
<artist_8h__dep__incl.pdf, id=3390, 640.3925pt x 375.4025pt>
File: artist_8h__dep__incl.pdf Graphic file (type pdf)
<use artist_8h__dep__incl.pdf>
Package pdftex.def Info: artist_8h__dep__incl.pdf  used on input line 20.
(pdftex.def)             Requested size: 350.0pt x 205.17744pt.
[89]
Underfull \hbox (badness 10000) detected at line 38
[][][]
 []


Underfull \hbox (badness 10000) detected at line 61
[][][]
 []

 <./artist_8h_add0a286b0a49f219005963e9ee021a44_cgraph.pdf>
<artist_8h_add0a286b0a49f219005963e9ee021a44_cgraph.pdf, id=3413, 285.065pt x 9
9.37125pt>
File: artist_8h_add0a286b0a49f219005963e9ee021a44_cgraph.pdf Graphic file (type
 pdf)
<use artist_8h_add0a286b0a49f219005963e9ee021a44_cgraph.pdf>
Package pdftex.def Info: artist_8h_add0a286b0a49f219005963e9ee021a44_cgraph.pdf
  used on input line 68.
(pdftex.def)             Requested size: 284.0pt x 98.99951pt.
) (./artist_8h_source.tex [90]) (./artistlist_8h.tex <./artistlist_8h__incl.pdf
>
<artistlist_8h__incl.pdf, id=3440, 185.69376pt x 209.78375pt>
File: artistlist_8h__incl.pdf Graphic file (type pdf)
<use artistlist_8h__incl.pdf>
Package pdftex.def Info: artistlist_8h__incl.pdf  used on input line 14.
(pdftex.def)             Requested size: 185.0pt x 209.00536pt.
 <./artistlist_8h__dep__incl.pdf>
<artistlist_8h__dep__incl.pdf, id=3448, 453.695pt x 209.78375pt>
File: artistlist_8h__dep__incl.pdf Graphic file (type pdf)
<use artistlist_8h__dep__incl.pdf>
Package pdftex.def Info: artistlist_8h__dep__incl.pdf  used on input line 21.
(pdftex.def)             Requested size: 350.0pt x 161.83806pt.
[91]
Underfull \hbox (badness 10000) detected at line 39
[][][]
 []

) (./artistlist_8h_source.tex [92]) (./date_8h.tex <./date_8h__incl.pdf>
<date_8h__incl.pdf, id=3486, 166.6225pt x 154.5775pt>
File: date_8h__incl.pdf Graphic file (type pdf)
<use date_8h__incl.pdf>
Package pdftex.def Info: date_8h__incl.pdf  used on input line 13.
(pdftex.def)             Requested size: 166.0pt x 154.01102pt.
 <./date_8h__dep__incl.pdf>
<date_8h__dep__incl.pdf, id=3494, 881.2925pt x 375.4025pt>
File: date_8h__dep__incl.pdf Graphic file (type pdf)
<use date_8h__dep__incl.pdf>
Package pdftex.def Info: date_8h__dep__incl.pdf  used on input line 20.
(pdftex.def)             Requested size: 350.0pt x 149.08716pt.
[93]
Underfull \hbox (badness 10000) detected at line 38
[][][]
 []

[94]
Underfull \hbox (badness 10000) detected at line 61
[][][]
 []

 <./date_8h_ac23c739ada1bdcf5e1cc738884670440_cgraph.pdf>
<date_8h_ac23c739ada1bdcf5e1cc738884670440_cgraph.pdf, id=3525, 283.0575pt x 17
3.64874pt>
File: date_8h_ac23c739ada1bdcf5e1cc738884670440_cgraph.pdf Graphic file (type p
df)
<use date_8h_ac23c739ada1bdcf5e1cc738884670440_cgraph.pdf>
Package pdftex.def Info: date_8h_ac23c739ada1bdcf5e1cc738884670440_cgraph.pdf  
used on input line 68.
(pdftex.def)             Requested size: 282.0pt x 173.01505pt.
) (./date_8h_source.tex [95]) (./playlist_8h.tex <./playlist_8h__incl.pdf>
<playlist_8h__incl.pdf, id=3574, 244.915pt x 264.99pt>
File: playlist_8h__incl.pdf Graphic file (type pdf)
<use playlist_8h__incl.pdf>
Package pdftex.def Info: playlist_8h__incl.pdf  used on input line 16.
(pdftex.def)             Requested size: 244.0pt x 264.00679pt.
 <./playlist_8h__dep__incl.pdf>
<playlist_8h__dep__incl.pdf, id=3582, 433.62pt x 320.19624pt>
File: playlist_8h__dep__incl.pdf Graphic file (type pdf)
<use playlist_8h__dep__incl.pdf>
Package pdftex.def Info: playlist_8h__dep__incl.pdf  used on input line 23.
(pdftex.def)             Requested size: 350.0pt x 258.46342pt.
[96]
Underfull \hbox (badness 10000) detected at line 48
[][][]
 []

[97]
Underfull \hbox (badness 10000) detected at line 94
[][][]
 []

 <./playlist_8h_a838d202b1c3aa7fd2ff34df660bd63b8_cgraph.pdf>
<playlist_8h_a838d202b1c3aa7fd2ff34df660bd63b8_cgraph.pdf, id=3620, 330.23375pt
 x 247.92625pt>
File: playlist_8h_a838d202b1c3aa7fd2ff34df660bd63b8_cgraph.pdf Graphic file (ty
pe pdf)
<use playlist_8h_a838d202b1c3aa7fd2ff34df660bd63b8_cgraph.pdf>
Package pdftex.def Info: playlist_8h_a838d202b1c3aa7fd2ff34df660bd63b8_cgraph.p
df  used on input line 101.
(pdftex.def)             Requested size: 329.0pt x 247.01013pt.
) (./playlist_8h_source.tex [98]) (./song_8h.tex [99] <./song_8h__incl.pdf>
<song_8h__incl.pdf, id=3697, 167.62625pt x 154.5775pt>
File: song_8h__incl.pdf Graphic file (type pdf)
<use song_8h__incl.pdf>
Package pdftex.def Info: song_8h__incl.pdf  used on input line 13.
(pdftex.def)             Requested size: 167.0pt x 153.99922pt.
 <./song_8h__dep__incl.pdf>
<song_8h__dep__incl.pdf, id=3705, 906.38625pt x 375.4025pt>
File: song_8h__dep__incl.pdf Graphic file (type pdf)
<use song_8h__dep__incl.pdf>
Package pdftex.def Info: song_8h__dep__incl.pdf  used on input line 20.
(pdftex.def)             Requested size: 350.0pt x 144.95715pt.
[100]
Underfull \hbox (badness 10000) detected at line 58
[][][]
 []

[101]
Underfull \hbox (badness 10000) detected at line 144
[][][]
 []

 <./song_8h_a71fbb621095556441f5bd36d4ab15c81_cgraph.pdf>
<song_8h_a71fbb621095556441f5bd36d4ab15c81_cgraph.pdf, id=3762, 295.1025pt x 17
3.64874pt>
File: song_8h_a71fbb621095556441f5bd36d4ab15c81_cgraph.pdf Graphic file (type p
df)
<use song_8h_a71fbb621095556441f5bd36d4ab15c81_cgraph.pdf>
Package pdftex.def Info: song_8h_a71fbb621095556441f5bd36d4ab15c81_cgraph.pdf  
used on input line 151.
(pdftex.def)             Requested size: 294.0pt x 173.00444pt.
) (./song_8h_source.tex [102]) (./songlist_8h.tex <./songlist_8h__incl.pdf>
<songlist_8h__incl.pdf, id=3815, 327.2225pt x 320.19624pt>
File: songlist_8h__incl.pdf Graphic file (type pdf)
<use songlist_8h__incl.pdf>
Package pdftex.def Info: songlist_8h__incl.pdf  used on input line 15.
(pdftex.def)             Requested size: 326.0pt x 318.99843pt.
 <./songlist_8h__dep__incl.pdf>
<songlist_8h__dep__incl.pdf, id=3823, 332.24126pt x 209.78375pt>
File: songlist_8h__dep__incl.pdf Graphic file (type pdf)
<use songlist_8h__dep__incl.pdf>
Package pdftex.def Info: songlist_8h__dep__incl.pdf  used on input line 22.
(pdftex.def)             Requested size: 331.0pt x 209.01176pt.
[103]
Underfull \hbox (badness 10000) detected at line 42
[][][]
 []

) (./songlist_8h_source.tex [104]) (./spotifry_8h.tex <./spotifry_8h__incl.pdf>
<spotifry_8h__incl.pdf, id=3874, 548.0475pt x 375.4025pt>
File: spotifry_8h__incl.pdf Graphic file (type pdf)
<use spotifry_8h__incl.pdf>
Package pdftex.def Info: spotifry_8h__incl.pdf  used on input line 18.
(pdftex.def)             Requested size: 350.0pt x 239.74696pt.
[105] <./spotifry_8h__dep__incl.pdf>
<spotifry_8h__dep__incl.pdf, id=3889, 269.005pt x 154.5775pt>
File: spotifry_8h__dep__incl.pdf Graphic file (type pdf)
<use spotifry_8h__dep__incl.pdf>
Package pdftex.def Info: spotifry_8h__dep__incl.pdf  used on input line 25.
(pdftex.def)             Requested size: 268.0pt x 154.00159pt.

Underfull \hbox (badness 10000) detected at line 38
[][][]
 []

) (./spotifry_8h_source.tex [106]) (./user_8h.tex <./user_8h__incl.pdf>
<user_8h__incl.pdf, id=3935, 244.915pt x 264.99pt>
File: user_8h__incl.pdf Graphic file (type pdf)
<use user_8h__incl.pdf>
Package pdftex.def Info: user_8h__incl.pdf  used on input line 16.
(pdftex.def)             Requested size: 244.0pt x 264.00679pt.
[107] <./user_8h__dep__incl.pdf>
<user_8h__dep__incl.pdf, id=3948, 471.7625pt x 320.19624pt>
File: user_8h__dep__incl.pdf Graphic file (type pdf)
<use user_8h__dep__incl.pdf>
Package pdftex.def Info: user_8h__dep__incl.pdf  used on input line 23.
(pdftex.def)             Requested size: 350.0pt x 237.55711pt.
[108]
Underfull \hbox (badness 10000) detected at line 49
[][][]
 []

[109]
Underfull \hbox (badness 10000) detected at line 99
[][][]
 []

 <./user_8h_a4beffcafdd2fa80a301f67238176d9ad_cgraph.pdf>
<user_8h_a4beffcafdd2fa80a301f67238176d9ad_cgraph.pdf, id=3987, 334.24875pt x 2
85.065pt>
File: user_8h_a4beffcafdd2fa80a301f67238176d9ad_cgraph.pdf Graphic file (type p
df)
<use user_8h_a4beffcafdd2fa80a301f67238176d9ad_cgraph.pdf>
Package pdftex.def Info: user_8h_a4beffcafdd2fa80a301f67238176d9ad_cgraph.pdf  
used on input line 106.
(pdftex.def)             Requested size: 333.0pt x 284.0247pt.
) (./user_8h_source.tex [110]) (./userlist_8h.tex <./userlist_8h__incl.pdf>
<userlist_8h__incl.pdf, id=4065, 234.8775pt x 320.19624pt>
File: userlist_8h__incl.pdf Graphic file (type pdf)
<use userlist_8h__incl.pdf>
Package pdftex.def Info: userlist_8h__incl.pdf  used on input line 15.
(pdftex.def)             Requested size: 234.0pt x 318.99843pt.
[111] <./userlist_8h__dep__incl.pdf>
<userlist_8h__dep__incl.pdf, id=4079, 330.23375pt x 209.78375pt>
File: userlist_8h__dep__incl.pdf Graphic file (type pdf)
<use userlist_8h__dep__incl.pdf>
Package pdftex.def Info: userlist_8h__dep__incl.pdf  used on input line 22.
(pdftex.def)             Requested size: 329.0pt x 209.00856pt.
[112]
Underfull \hbox (badness 10000) detected at line 42
[][][]
 []

) (./userlist_8h_source.tex [113]) (./album_8cpp.tex <./album_8cpp__incl.pdf>
<album_8cpp__incl.pdf, id=4128, 277.035pt x 264.99pt>
File: album_8cpp__incl.pdf Graphic file (type pdf)
<use album_8cpp__incl.pdf>
Package pdftex.def Info: album_8cpp__incl.pdf  used on input line 13.
(pdftex.def)             Requested size: 276.0pt x 264.00275pt.
[114]
Underfull \hbox (badness 10000) detected at line 26
[][][]
 []


Underfull \hbox (badness 10000) detected at line 49
[][][]
 []

 <./album_8cpp_a075843d3817d4532f7296e6394440fa5_cgraph.pdf>
<album_8cpp_a075843d3817d4532f7296e6394440fa5_cgraph.pdf, id=4148, 323.2075pt x
 210.7875pt>
File: album_8cpp_a075843d3817d4532f7296e6394440fa5_cgraph.pdf Graphic file (typ
e pdf)
<use album_8cpp_a075843d3817d4532f7296e6394440fa5_cgraph.pdf>
Package pdftex.def Info: album_8cpp_a075843d3817d4532f7296e6394440fa5_cgraph.pd
f  used on input line 56.
(pdftex.def)             Requested size: 322.0pt x 210.01184pt.
) (./albumlist_8cpp.tex <./albumlist_8cpp__incl.pdf>
<albumlist_8cpp__incl.pdf, id=4157, 420.57124pt x 320.19624pt>
File: albumlist_8cpp__incl.pdf Graphic file (type pdf)
<use albumlist_8cpp__incl.pdf>
Package pdftex.def Info: albumlist_8cpp__incl.pdf  used on input line 16.
(pdftex.def)             Requested size: 350.0pt x 266.47124pt.
[115]
Underfull \hbox (badness 10000) detected at line 24
[][][]
 []

) (./artist_8cpp.tex <./artist_8cpp__incl.pdf>
<artist_8cpp__incl.pdf, id=4174, 160.6pt x 209.78375pt>
File: artist_8cpp__incl.pdf Graphic file (type pdf)
<use artist_8cpp__incl.pdf>
Package pdftex.def Info: artist_8cpp__incl.pdf  used on input line 13.
(pdftex.def)             Requested size: 160.0pt x 209.00536pt.
[116]
Underfull \hbox (badness 10000) detected at line 21
[][][]
 []

) (./artistlist_8cpp.tex <./artistlist_8cpp__incl.pdf>
<artistlist_8cpp__incl.pdf, id=4191, 314.17375pt x 264.99pt>
File: artistlist_8cpp__incl.pdf Graphic file (type pdf)
<use artistlist_8cpp__incl.pdf>
Package pdftex.def Info: artistlist_8cpp__incl.pdf  used on input line 15.
(pdftex.def)             Requested size: 313.0pt x 264.01083pt.
[117]
Underfull \hbox (badness 10000) detected at line 23
[][][]
 []

) (./date_8cpp.tex <./date_8cpp__incl.pdf>
<date_8cpp__incl.pdf, id=4208, 156.585pt x 209.78375pt>
File: date_8cpp__incl.pdf Graphic file (type pdf)
<use date_8cpp__incl.pdf>
Package pdftex.def Info: date_8cpp__incl.pdf  used on input line 13.
(pdftex.def)             Requested size: 156.0pt x 209.00856pt.
[118]
Underfull \hbox (badness 10000) detected at line 21
[][][]
 []

) (./main_8cpp.tex <./main_8cpp__incl.pdf>
<main_8cpp__incl.pdf, id=4223, 792.9625pt x 430.60875pt>
File: main_8cpp__incl.pdf Graphic file (type pdf)
<use main_8cpp__incl.pdf>
Package pdftex.def Info: main_8cpp__incl.pdf  used on input line 16.
(pdftex.def)             Requested size: 350.0pt x 190.06635pt.
[119] <./main_8cpp_a0ddf1224851353fc92bfbff6f499fa97_cgraph.pdf>
<main_8cpp_a0ddf1224851353fc92bfbff6f499fa97_cgraph.pdf, id=4238, 665.48625pt x
 1093.08376pt>
File: main_8cpp_a0ddf1224851353fc92bfbff6f499fa97_cgraph.pdf Graphic file (type
 pdf)
<use main_8cpp_a0ddf1224851353fc92bfbff6f499fa97_cgraph.pdf>
Package pdftex.def Info: main_8cpp_a0ddf1224851353fc92bfbff6f499fa97_cgraph.pdf
  used on input line 37.
(pdftex.def)             Requested size: 334.84428pt x 550.0pt.
) (./playlist_8cpp.tex [120] <./playlist_8cpp__incl.pdf>
<playlist_8cpp__incl.pdf, id=4262, 244.915pt x 320.19624pt>
File: playlist_8cpp__incl.pdf Graphic file (type pdf)
<use playlist_8cpp__incl.pdf>
Package pdftex.def Info: playlist_8cpp__incl.pdf  used on input line 13.
(pdftex.def)             Requested size: 244.0pt x 319.0082pt.
[121]
Underfull \hbox (badness 10000) detected at line 26
[][][]
 []

[122]
Underfull \hbox (badness 10000) detected at line 49
[][][]
 []

 <./playlist_8cpp_a838d202b1c3aa7fd2ff34df660bd63b8_cgraph.pdf>
<playlist_8cpp_a838d202b1c3aa7fd2ff34df660bd63b8_cgraph.pdf, id=4292, 330.23375
pt x 247.92625pt>
File: playlist_8cpp_a838d202b1c3aa7fd2ff34df660bd63b8_cgraph.pdf Graphic file (
type pdf)
<use playlist_8cpp_a838d202b1c3aa7fd2ff34df660bd63b8_cgraph.pdf>
Package pdftex.def Info: playlist_8cpp_a838d202b1c3aa7fd2ff34df660bd63b8_cgraph
.pdf  used on input line 56.
(pdftex.def)             Requested size: 329.0pt x 247.01013pt.
) (./song_8cpp.tex <./song_8cpp__incl.pdf>
<song_8cpp__incl.pdf, id=4301, 157.58875pt x 209.78375pt>
File: song_8cpp__incl.pdf Graphic file (type pdf)
<use song_8cpp__incl.pdf>
Package pdftex.def Info: song_8cpp__incl.pdf  used on input line 13.
(pdftex.def)             Requested size: 157.0pt x 209.01176pt.
[123]
Underfull \hbox (badness 10000) detected at line 21
[][][]
 []

) (./songlist_8cpp.tex <./songlist_8cpp__incl.pdf>
<songlist_8cpp__incl.pdf, id=4319, 455.7025pt x 375.4025pt>
File: songlist_8cpp__incl.pdf Graphic file (type pdf)
<use songlist_8cpp__incl.pdf>
Package pdftex.def Info: songlist_8cpp__incl.pdf  used on input line 15.
(pdftex.def)             Requested size: 350.0pt x 288.33333pt.
[124]
Underfull \hbox (badness 10000) detected at line 23
[][][]
 []

) (./spotifry_8cpp.tex <./spotifry_8cpp__incl.pdf>
<spotifry_8cpp__incl.pdf, id=4335, 548.0475pt x 430.60875pt>
File: spotifry_8cpp__incl.pdf Graphic file (type pdf)
<use spotifry_8cpp__incl.pdf>
Package pdftex.def Info: spotifry_8cpp__incl.pdf  used on input line 15.
(pdftex.def)             Requested size: 350.0pt x 275.00386pt.
[125]
Underfull \hbox (badness 10000) detected at line 23
[][][]
 []

) (./user_8cpp.tex <./user_8cpp__incl.pdf>
<user_8cpp__incl.pdf, id=4350, 244.915pt x 320.19624pt>
File: user_8cpp__incl.pdf Graphic file (type pdf)
<use user_8cpp__incl.pdf>
Package pdftex.def Info: user_8cpp__incl.pdf  used on input line 8.
(pdftex.def)             Requested size: 244.0pt x 319.0082pt.
) (./userlist_8cpp.tex [126] <./userlist_8cpp__incl.pdf>
<userlist_8cpp__incl.pdf, id=4365, 350.30875pt x 375.4025pt>
File: userlist_8cpp__incl.pdf Graphic file (type pdf)
<use userlist_8cpp__incl.pdf>
Package pdftex.def Info: userlist_8cpp__incl.pdf  used on input line 15.
(pdftex.def)             Requested size: 349.0pt x 374.02681pt.
[127]
Underfull \hbox (badness 10000) detected at line 23
[][][]
 []

) [128] (./refman.ind
LaTeX Font Info:    Font shape `T1/phv/m/n' will be
(Font)              scaled to size 22.39185pt on input line 1.
[129



] [130] [131] [132] [133

]) (./refman.aux)
 ***********
LaTeX2e <2023-11-01> patch level 1
L3 programming layer <2024-01-22>
 ***********
Package rerunfilecheck Info: File `refman.out' has not changed.
(rerunfilecheck)             Checksum: 843B2ACC7A40939A88BD7D1AA143475D;52672.
 ) 
Here is how much of TeX's memory you used:
 20620 strings out of 474222
 378369 string characters out of 5748733
 1945975 words of memory out of 5000000
 41587 multiletter control sequences out of 15000+600000
 615404 words of font info for 108 fonts, out of 8000000 for 9000
 1141 hyphenation exceptions out of 8191
 101i,16n,117p,1417b,744s stack positions out of 10000i,1000n,20000p,200000b,200000s
</usr/share/texlive/texmf-dist/fonts/type1/public/amsfonts/cm/cmmi10.pfb></us
r/share/texlive/texmf-dist/fonts/type1/public/amsfonts/cm/cmmi7.pfb></usr/share
/texlive/texmf-dist/fonts/type1/public/amsfonts/cm/cmmi8.pfb></usr/share/texliv
e/texmf-dist/fonts/type1/public/amsfonts/cm/cmsy10.pfb></usr/share/texlive/texm
f-dist/fonts/type1/public/amsfonts/cm/cmsy7.pfb></usr/share/texlive/texmf-dist/
fonts/type1/public/amsfonts/cm/cmsy8.pfb></usr/share/texlive/texmf-dist/fonts/t
ype1/urw/courier/ucrb8a.pfb></usr/share/texlive/texmf-dist/fonts/type1/urw/cour
ier/ucrr8a.pfb></usr/share/texlive/texmf-dist/fonts/type1/urw/courier/ucrro8a.p
fb></usr/share/texlive/texmf-dist/fonts/type1/urw/helvetic/uhvb8a.pfb></usr/sha
re/texlive/texmf-dist/fonts/type1/urw/helvetic/uhvb8ac.pfb></usr/share/texlive/
texmf-dist/fonts/type1/urw/helvetic/uhvr8a.pfb></usr/share/texlive/texmf-dist/f
onts/type1/urw/helvetic/uhvro8a.pfb>
Output written on refman.pdf (143 pages, 1225991 bytes).
PDF statistics:
 4981 PDF objects out of 5155 (max. 8388607)
 4342 compressed objects within 44 object streams
 858 named destinations out of 1000 (max. 500000)
 2726 words of extra memory for PDF output out of 10000 (max. 10000000)

