\BOOKMARK [0][-]{chapter.1}{\376\377\0001\000\040\000C\000l\000a\000s\000s\000\040\000I\000n\000d\000e\000x}{}% 1
\BOOKMARK [1][-]{section.1.1}{\376\377\0001\000.\0001\000\040\000C\000l\000a\000s\000s\000\040\000L\000i\000s\000t}{chapter.1}% 2
\BOOKMARK [0][-]{chapter.2}{\376\377\0002\000\040\000F\000i\000l\000e\000\040\000I\000n\000d\000e\000x}{}% 3
\BOOKMARK [1][-]{section.2.1}{\376\377\0002\000.\0001\000\040\000F\000i\000l\000e\000\040\000L\000i\000s\000t}{chapter.2}% 4
\BOOKMARK [0][-]{chapter.3}{\376\377\0003\000\040\000C\000l\000a\000s\000s\000\040\000D\000o\000c\000u\000m\000e\000n\000t\000a\000t\000i\000o\000n}{}% 5
\BOOKMARK [1][-]{section.3.1}{\376\377\0003\000.\0001\000\040\000A\000l\000b\000u\000m\000\040\000C\000l\000a\000s\000s\000\040\000R\000e\000f\000e\000r\000e\000n\000c\000e}{chapter.3}% 6
\BOOKMARK [2][-]{subsection.3.1.1}{\376\377\0003\000.\0001\000.\0001\000\040\000D\000e\000t\000a\000i\000l\000e\000d\000\040\000D\000e\000s\000c\000r\000i\000p\000t\000i\000o\000n}{section.3.1}% 7
\BOOKMARK [2][-]{subsection.3.1.2}{\376\377\0003\000.\0001\000.\0002\000\040\000C\000o\000n\000s\000t\000r\000u\000c\000t\000o\000r\000\040\000\046\000\040\000D\000e\000s\000t\000r\000u\000c\000t\000o\000r\000\040\000D\000o\000c\000u\000m\000e\000n\000t\000a\000t\000i\000o\000n}{section.3.1}% 8
\BOOKMARK [3][-]{subsubsection.3.1.2.1}{\376\377\0003\000.\0001\000.\0002\000.\0001\000\040\000A\000l\000b\000u\000m\000\050\000\051\000\040\000[\0001\000/\0003\000]}{subsection.3.1.2}% 9
\BOOKMARK [3][-]{subsubsection.3.1.2.2}{\376\377\0003\000.\0001\000.\0002\000.\0002\000\040\000A\000l\000b\000u\000m\000\050\000\051\000\040\000[\0002\000/\0003\000]}{subsection.3.1.2}% 10
\BOOKMARK [3][-]{subsubsection.3.1.2.3}{\376\377\0003\000.\0001\000.\0002\000.\0003\000\040\000A\000l\000b\000u\000m\000\050\000\051\000\040\000[\0003\000/\0003\000]}{subsection.3.1.2}% 11
\BOOKMARK [3][-]{subsubsection.3.1.2.4}{\376\377\0003\000.\0001\000.\0002\000.\0004\000\040\000~\000A\000l\000b\000u\000m\000\050\000\051}{subsection.3.1.2}% 12
\BOOKMARK [2][-]{subsection.3.1.3}{\376\377\0003\000.\0001\000.\0003\000\040\000M\000e\000m\000b\000e\000r\000\040\000F\000u\000n\000c\000t\000i\000o\000n\000\040\000D\000o\000c\000u\000m\000e\000n\000t\000a\000t\000i\000o\000n}{section.3.1}% 13
\BOOKMARK [3][-]{subsubsection.3.1.3.1}{\376\377\0003\000.\0001\000.\0003\000.\0001\000\040\000a\000d\000d\000S\000o\000n\000g\000\050\000\051}{subsection.3.1.3}% 14
\BOOKMARK [3][-]{subsubsection.3.1.3.2}{\376\377\0003\000.\0001\000.\0003\000.\0002\000\040\000g\000e\000t\000A\000r\000t\000i\000s\000t\000\050\000\051}{subsection.3.1.3}% 15
\BOOKMARK [3][-]{subsubsection.3.1.3.3}{\376\377\0003\000.\0001\000.\0003\000.\0003\000\040\000g\000e\000t\000N\000u\000m\000S\000o\000n\000g\000s\000\050\000\051}{subsection.3.1.3}% 16
\BOOKMARK [3][-]{subsubsection.3.1.3.4}{\376\377\0003\000.\0001\000.\0003\000.\0004\000\040\000g\000e\000t\000R\000e\000l\000e\000a\000s\000e\000D\000a\000t\000e\000\050\000\051}{subsection.3.1.3}% 17
\BOOKMARK [3][-]{subsubsection.3.1.3.5}{\376\377\0003\000.\0001\000.\0003\000.\0005\000\040\000g\000e\000t\000S\000o\000n\000g\000\050\000\051}{subsection.3.1.3}% 18
\BOOKMARK [3][-]{subsubsection.3.1.3.6}{\376\377\0003\000.\0001\000.\0003\000.\0006\000\040\000g\000e\000t\000T\000i\000t\000l\000e\000\050\000\051}{subsection.3.1.3}% 19
\BOOKMARK [3][-]{subsubsection.3.1.3.7}{\376\377\0003\000.\0001\000.\0003\000.\0007\000\040\000o\000p\000e\000r\000a\000t\000o\000r\000=\000\050\000\051}{subsection.3.1.3}% 20
\BOOKMARK [3][-]{subsubsection.3.1.3.8}{\376\377\0003\000.\0001\000.\0003\000.\0008\000\040\000o\000p\000e\000r\000a\000t\000o\000r\000[\000]\000\050\000\051}{subsection.3.1.3}% 21
\BOOKMARK [3][-]{subsubsection.3.1.3.9}{\376\377\0003\000.\0001\000.\0003\000.\0009\000\040\000s\000e\000t\000A\000r\000t\000i\000s\000t\000\050\000\051}{subsection.3.1.3}% 22
\BOOKMARK [3][-]{subsubsection.3.1.3.10}{\376\377\0003\000.\0001\000.\0003\000.\0001\0000\000\040\000s\000e\000t\000N\000e\000w\000S\000o\000n\000g\000s\000\050\000\051}{subsection.3.1.3}% 23
\BOOKMARK [3][-]{subsubsection.3.1.3.11}{\376\377\0003\000.\0001\000.\0003\000.\0001\0001\000\040\000s\000e\000t\000R\000e\000l\000e\000a\000s\000e\000D\000a\000t\000e\000\050\000\051}{subsection.3.1.3}% 24
\BOOKMARK [3][-]{subsubsection.3.1.3.12}{\376\377\0003\000.\0001\000.\0003\000.\0001\0002\000\040\000s\000e\000t\000T\000i\000t\000l\000e\000\050\000\051}{subsection.3.1.3}% 25
\BOOKMARK [1][-]{section.3.2}{\376\377\0003\000.\0002\000\040\000A\000l\000b\000u\000m\000L\000i\000s\000t\000\040\000C\000l\000a\000s\000s\000\040\000R\000e\000f\000e\000r\000e\000n\000c\000e}{chapter.3}% 26
\BOOKMARK [2][-]{subsection.3.2.1}{\376\377\0003\000.\0002\000.\0001\000\040\000D\000e\000t\000a\000i\000l\000e\000d\000\040\000D\000e\000s\000c\000r\000i\000p\000t\000i\000o\000n}{section.3.2}% 27
\BOOKMARK [2][-]{subsection.3.2.2}{\376\377\0003\000.\0002\000.\0002\000\040\000C\000o\000n\000s\000t\000r\000u\000c\000t\000o\000r\000\040\000\046\000\040\000D\000e\000s\000t\000r\000u\000c\000t\000o\000r\000\040\000D\000o\000c\000u\000m\000e\000n\000t\000a\000t\000i\000o\000n}{section.3.2}% 28
\BOOKMARK [3][-]{subsubsection.3.2.2.1}{\376\377\0003\000.\0002\000.\0002\000.\0001\000\040\000A\000l\000b\000u\000m\000L\000i\000s\000t\000\050\000\051}{subsection.3.2.2}% 29
\BOOKMARK [3][-]{subsubsection.3.2.2.2}{\376\377\0003\000.\0002\000.\0002\000.\0002\000\040\000~\000A\000l\000b\000u\000m\000L\000i\000s\000t\000\050\000\051}{subsection.3.2.2}% 30
\BOOKMARK [2][-]{subsection.3.2.3}{\376\377\0003\000.\0002\000.\0003\000\040\000M\000e\000m\000b\000e\000r\000\040\000F\000u\000n\000c\000t\000i\000o\000n\000\040\000D\000o\000c\000u\000m\000e\000n\000t\000a\000t\000i\000o\000n}{section.3.2}% 31
\BOOKMARK [3][-]{subsubsection.3.2.3.1}{\376\377\0003\000.\0002\000.\0003\000.\0001\000\040\000d\000u\000m\000p\000\050\000\051}{subsection.3.2.3}% 32
\BOOKMARK [3][-]{subsubsection.3.2.3.2}{\376\377\0003\000.\0002\000.\0003\000.\0002\000\040\000g\000e\000t\000A\000l\000b\000u\000m\000B\000y\000I\000d\000\050\000\051}{subsection.3.2.3}% 33
\BOOKMARK [3][-]{subsubsection.3.2.3.3}{\376\377\0003\000.\0002\000.\0003\000.\0003\000\040\000g\000e\000t\000C\000u\000r\000r\000e\000n\000t\000S\000i\000z\000e\000\050\000\051}{subsection.3.2.3}% 34
\BOOKMARK [3][-]{subsubsection.3.2.3.4}{\376\377\0003\000.\0002\000.\0003\000.\0004\000\040\000p\000r\000i\000n\000t\000A\000l\000b\000u\000m\000\050\000\051}{subsection.3.2.3}% 35
\BOOKMARK [1][-]{section.3.3}{\376\377\0003\000.\0003\000\040\000A\000r\000t\000i\000s\000t\000\040\000C\000l\000a\000s\000s\000\040\000R\000e\000f\000e\000r\000e\000n\000c\000e}{chapter.3}% 36
\BOOKMARK [2][-]{subsection.3.3.1}{\376\377\0003\000.\0003\000.\0001\000\040\000D\000e\000t\000a\000i\000l\000e\000d\000\040\000D\000e\000s\000c\000r\000i\000p\000t\000i\000o\000n}{section.3.3}% 37
\BOOKMARK [2][-]{subsection.3.3.2}{\376\377\0003\000.\0003\000.\0002\000\040\000C\000o\000n\000s\000t\000r\000u\000c\000t\000o\000r\000\040\000\046\000\040\000D\000e\000s\000t\000r\000u\000c\000t\000o\000r\000\040\000D\000o\000c\000u\000m\000e\000n\000t\000a\000t\000i\000o\000n}{section.3.3}% 38
\BOOKMARK [3][-]{subsubsection.3.3.2.1}{\376\377\0003\000.\0003\000.\0002\000.\0001\000\040\000A\000r\000t\000i\000s\000t\000\050\000\051\000\040\000[\0001\000/\0002\000]}{subsection.3.3.2}% 39
\BOOKMARK [3][-]{subsubsection.3.3.2.2}{\376\377\0003\000.\0003\000.\0002\000.\0002\000\040\000A\000r\000t\000i\000s\000t\000\050\000\051\000\040\000[\0002\000/\0002\000]}{subsection.3.3.2}% 40
\BOOKMARK [2][-]{subsection.3.3.3}{\376\377\0003\000.\0003\000.\0003\000\040\000M\000e\000m\000b\000e\000r\000\040\000F\000u\000n\000c\000t\000i\000o\000n\000\040\000D\000o\000c\000u\000m\000e\000n\000t\000a\000t\000i\000o\000n}{section.3.3}% 41
\BOOKMARK [3][-]{subsubsection.3.3.3.1}{\376\377\0003\000.\0003\000.\0003\000.\0001\000\040\000g\000e\000t\000N\000a\000m\000e\000\050\000\051}{subsection.3.3.3}% 42
\BOOKMARK [3][-]{subsubsection.3.3.3.2}{\376\377\0003\000.\0003\000.\0003\000.\0002\000\040\000s\000e\000t\000N\000a\000m\000e\000\050\000\051}{subsection.3.3.3}% 43
\BOOKMARK [1][-]{section.3.4}{\376\377\0003\000.\0004\000\040\000A\000r\000t\000i\000s\000t\000L\000i\000s\000t\000\040\000C\000l\000a\000s\000s\000\040\000R\000e\000f\000e\000r\000e\000n\000c\000e}{chapter.3}% 44
\BOOKMARK [2][-]{subsection.3.4.1}{\376\377\0003\000.\0004\000.\0001\000\040\000D\000e\000t\000a\000i\000l\000e\000d\000\040\000D\000e\000s\000c\000r\000i\000p\000t\000i\000o\000n}{section.3.4}% 45
\BOOKMARK [2][-]{subsection.3.4.2}{\376\377\0003\000.\0004\000.\0002\000\040\000C\000o\000n\000s\000t\000r\000u\000c\000t\000o\000r\000\040\000\046\000\040\000D\000e\000s\000t\000r\000u\000c\000t\000o\000r\000\040\000D\000o\000c\000u\000m\000e\000n\000t\000a\000t\000i\000o\000n}{section.3.4}% 46
\BOOKMARK [3][-]{subsubsection.3.4.2.1}{\376\377\0003\000.\0004\000.\0002\000.\0001\000\040\000A\000r\000t\000i\000s\000t\000L\000i\000s\000t\000\050\000\051}{subsection.3.4.2}% 47
\BOOKMARK [3][-]{subsubsection.3.4.2.2}{\376\377\0003\000.\0004\000.\0002\000.\0002\000\040\000~\000A\000r\000t\000i\000s\000t\000L\000i\000s\000t\000\050\000\051}{subsection.3.4.2}% 48
\BOOKMARK [2][-]{subsection.3.4.3}{\376\377\0003\000.\0004\000.\0003\000\040\000M\000e\000m\000b\000e\000r\000\040\000F\000u\000n\000c\000t\000i\000o\000n\000\040\000D\000o\000c\000u\000m\000e\000n\000t\000a\000t\000i\000o\000n}{section.3.4}% 49
\BOOKMARK [3][-]{subsubsection.3.4.3.1}{\376\377\0003\000.\0004\000.\0003\000.\0001\000\040\000g\000e\000t\000A\000r\000t\000i\000s\000t\000B\000y\000I\000d\000\050\000\051}{subsection.3.4.3}% 50
\BOOKMARK [3][-]{subsubsection.3.4.3.2}{\376\377\0003\000.\0004\000.\0003\000.\0002\000\040\000g\000e\000t\000C\000u\000r\000r\000e\000n\000t\000S\000i\000z\000e\000\050\000\051}{subsection.3.4.3}% 51
\BOOKMARK [1][-]{section.3.5}{\376\377\0003\000.\0005\000\040\000B\000l\000o\000c\000k\000\040\000S\000t\000r\000u\000c\000t\000\040\000R\000e\000f\000e\000r\000e\000n\000c\000e}{chapter.3}% 52
\BOOKMARK [2][-]{subsection.3.5.1}{\376\377\0003\000.\0005\000.\0001\000\040\000D\000e\000t\000a\000i\000l\000e\000d\000\040\000D\000e\000s\000c\000r\000i\000p\000t\000i\000o\000n}{section.3.5}% 53
\BOOKMARK [2][-]{subsection.3.5.2}{\376\377\0003\000.\0005\000.\0002\000\040\000M\000e\000m\000b\000e\000r\000\040\000D\000a\000t\000a\000\040\000D\000o\000c\000u\000m\000e\000n\000t\000a\000t\000i\000o\000n}{section.3.5}% 54
\BOOKMARK [3][-]{subsubsection.3.5.2.1}{\376\377\0003\000.\0005\000.\0002\000.\0001\000\040\000c\000u\000r\000r\000e\000n\000t\000\137\000s\000i\000z\000e}{subsection.3.5.2}% 55
\BOOKMARK [3][-]{subsubsection.3.5.2.2}{\376\377\0003\000.\0005\000.\0002\000.\0002\000\040\000l\000i\000s\000t}{subsection.3.5.2}% 56
\BOOKMARK [3][-]{subsubsection.3.5.2.3}{\376\377\0003\000.\0005\000.\0002\000.\0003\000\040\000n\000e\000x\000t}{subsection.3.5.2}% 57
\BOOKMARK [1][-]{section.3.6}{\376\377\0003\000.\0006\000\040\000D\000a\000t\000e\000\040\000C\000l\000a\000s\000s\000\040\000R\000e\000f\000e\000r\000e\000n\000c\000e}{chapter.3}% 58
\BOOKMARK [2][-]{subsection.3.6.1}{\376\377\0003\000.\0006\000.\0001\000\040\000D\000e\000t\000a\000i\000l\000e\000d\000\040\000D\000e\000s\000c\000r\000i\000p\000t\000i\000o\000n}{section.3.6}% 59
\BOOKMARK [2][-]{subsection.3.6.2}{\376\377\0003\000.\0006\000.\0002\000\040\000C\000o\000n\000s\000t\000r\000u\000c\000t\000o\000r\000\040\000\046\000\040\000D\000e\000s\000t\000r\000u\000c\000t\000o\000r\000\040\000D\000o\000c\000u\000m\000e\000n\000t\000a\000t\000i\000o\000n}{section.3.6}% 60
\BOOKMARK [3][-]{subsubsection.3.6.2.1}{\376\377\0003\000.\0006\000.\0002\000.\0001\000\040\000D\000a\000t\000e\000\050\000\051\000\040\000[\0001\000/\0002\000]}{subsection.3.6.2}% 61
\BOOKMARK [3][-]{subsubsection.3.6.2.2}{\376\377\0003\000.\0006\000.\0002\000.\0002\000\040\000D\000a\000t\000e\000\050\000\051\000\040\000[\0002\000/\0002\000]}{subsection.3.6.2}% 62
\BOOKMARK [2][-]{subsection.3.6.3}{\376\377\0003\000.\0006\000.\0003\000\040\000M\000e\000m\000b\000e\000r\000\040\000F\000u\000n\000c\000t\000i\000o\000n\000\040\000D\000o\000c\000u\000m\000e\000n\000t\000a\000t\000i\000o\000n}{section.3.6}% 63
\BOOKMARK [3][-]{subsubsection.3.6.3.1}{\376\377\0003\000.\0006\000.\0003\000.\0001\000\040\000g\000e\000t\000D\000a\000y\000\050\000\051}{subsection.3.6.3}% 64
\BOOKMARK [3][-]{subsubsection.3.6.3.2}{\376\377\0003\000.\0006\000.\0003\000.\0002\000\040\000g\000e\000t\000M\000o\000n\000t\000h\000\050\000\051}{subsection.3.6.3}% 65
\BOOKMARK [3][-]{subsubsection.3.6.3.3}{\376\377\0003\000.\0006\000.\0003\000.\0003\000\040\000g\000e\000t\000Y\000e\000a\000r\000\050\000\051}{subsection.3.6.3}% 66
\BOOKMARK [3][-]{subsubsection.3.6.3.4}{\376\377\0003\000.\0006\000.\0003\000.\0004\000\040\000o\000p\000e\000r\000a\000t\000o\000r\000!\000=\000\050\000\051}{subsection.3.6.3}% 67
\BOOKMARK [3][-]{subsubsection.3.6.3.5}{\376\377\0003\000.\0006\000.\0003\000.\0005\000\040\000o\000p\000e\000r\000a\000t\000o\000r\000<\000\050\000\051}{subsection.3.6.3}% 68
\BOOKMARK [3][-]{subsubsection.3.6.3.6}{\376\377\0003\000.\0006\000.\0003\000.\0006\000\040\000o\000p\000e\000r\000a\000t\000o\000r\000<\000=\000\050\000\051}{subsection.3.6.3}% 69
\BOOKMARK [3][-]{subsubsection.3.6.3.7}{\376\377\0003\000.\0006\000.\0003\000.\0007\000\040\000o\000p\000e\000r\000a\000t\000o\000r\000=\000=\000\050\000\051}{subsection.3.6.3}% 70
\BOOKMARK [3][-]{subsubsection.3.6.3.8}{\376\377\0003\000.\0006\000.\0003\000.\0008\000\040\000o\000p\000e\000r\000a\000t\000o\000r\000>\000\050\000\051}{subsection.3.6.3}% 71
\BOOKMARK [3][-]{subsubsection.3.6.3.9}{\376\377\0003\000.\0006\000.\0003\000.\0009\000\040\000o\000p\000e\000r\000a\000t\000o\000r\000>\000=\000\050\000\051}{subsection.3.6.3}% 72
\BOOKMARK [3][-]{subsubsection.3.6.3.10}{\376\377\0003\000.\0006\000.\0003\000.\0001\0000\000\040\000s\000e\000t\000D\000a\000y\000\050\000\051}{subsection.3.6.3}% 73
\BOOKMARK [3][-]{subsubsection.3.6.3.11}{\376\377\0003\000.\0006\000.\0003\000.\0001\0001\000\040\000s\000e\000t\000M\000o\000n\000t\000h\000\050\000\051}{subsection.3.6.3}% 74
\BOOKMARK [3][-]{subsubsection.3.6.3.12}{\376\377\0003\000.\0006\000.\0003\000.\0001\0002\000\040\000s\000e\000t\000Y\000e\000a\000r\000\050\000\051}{subsection.3.6.3}% 75
\BOOKMARK [1][-]{section.3.7}{\376\377\0003\000.\0007\000\040\000P\000l\000a\000y\000l\000i\000s\000t\000\040\000C\000l\000a\000s\000s\000\040\000R\000e\000f\000e\000r\000e\000n\000c\000e}{chapter.3}% 76
\BOOKMARK [2][-]{subsection.3.7.1}{\376\377\0003\000.\0007\000.\0001\000\040\000D\000e\000t\000a\000i\000l\000e\000d\000\040\000D\000e\000s\000c\000r\000i\000p\000t\000i\000o\000n}{section.3.7}% 77
\BOOKMARK [2][-]{subsection.3.7.2}{\376\377\0003\000.\0007\000.\0002\000\040\000C\000o\000n\000s\000t\000r\000u\000c\000t\000o\000r\000\040\000\046\000\040\000D\000e\000s\000t\000r\000u\000c\000t\000o\000r\000\040\000D\000o\000c\000u\000m\000e\000n\000t\000a\000t\000i\000o\000n}{section.3.7}% 78
\BOOKMARK [3][-]{subsubsection.3.7.2.1}{\376\377\0003\000.\0007\000.\0002\000.\0001\000\040\000P\000l\000a\000y\000l\000i\000s\000t\000\050\000\051\000\040\000[\0001\000/\0003\000]}{subsection.3.7.2}% 79
\BOOKMARK [3][-]{subsubsection.3.7.2.2}{\376\377\0003\000.\0007\000.\0002\000.\0002\000\040\000P\000l\000a\000y\000l\000i\000s\000t\000\050\000\051\000\040\000[\0002\000/\0003\000]}{subsection.3.7.2}% 80
\BOOKMARK [3][-]{subsubsection.3.7.2.3}{\376\377\0003\000.\0007\000.\0002\000.\0003\000\040\000P\000l\000a\000y\000l\000i\000s\000t\000\050\000\051\000\040\000[\0003\000/\0003\000]}{subsection.3.7.2}% 81
\BOOKMARK [3][-]{subsubsection.3.7.2.4}{\376\377\0003\000.\0007\000.\0002\000.\0004\000\040\000~\000P\000l\000a\000y\000l\000i\000s\000t\000\050\000\051}{subsection.3.7.2}% 82
\BOOKMARK [2][-]{subsection.3.7.3}{\376\377\0003\000.\0007\000.\0003\000\040\000M\000e\000m\000b\000e\000r\000\040\000F\000u\000n\000c\000t\000i\000o\000n\000\040\000D\000o\000c\000u\000m\000e\000n\000t\000a\000t\000i\000o\000n}{section.3.7}% 83
\BOOKMARK [3][-]{subsubsection.3.7.3.1}{\376\377\0003\000.\0007\000.\0003\000.\0001\000\040\000a\000d\000d\000S\000o\000n\000g\000\050\000\051}{subsection.3.7.3}% 84
\BOOKMARK [3][-]{subsubsection.3.7.3.2}{\376\377\0003\000.\0007\000.\0003\000.\0002\000\040\000d\000e\000l\000e\000t\000e\000S\000o\000n\000g\000\050\000\051}{subsection.3.7.3}% 85
\BOOKMARK [3][-]{subsubsection.3.7.3.3}{\376\377\0003\000.\0007\000.\0003\000.\0003\000\040\000g\000e\000t\000C\000r\000e\000a\000t\000i\000o\000n\000D\000a\000t\000e\000\050\000\051}{subsection.3.7.3}% 86
\BOOKMARK [3][-]{subsubsection.3.7.3.4}{\376\377\0003\000.\0007\000.\0003\000.\0004\000\040\000g\000e\000t\000C\000r\000e\000a\000t\000o\000r\000\050\000\051}{subsection.3.7.3}% 87
\BOOKMARK [3][-]{subsubsection.3.7.3.5}{\376\377\0003\000.\0007\000.\0003\000.\0005\000\040\000g\000e\000t\000M\000a\000x\000S\000o\000n\000g\000s\000\050\000\051}{subsection.3.7.3}% 88
\BOOKMARK [3][-]{subsubsection.3.7.3.6}{\376\377\0003\000.\0007\000.\0003\000.\0006\000\040\000g\000e\000t\000N\000u\000m\000S\000o\000n\000g\000s\000\050\000\051}{subsection.3.7.3}% 89
\BOOKMARK [3][-]{subsubsection.3.7.3.7}{\376\377\0003\000.\0007\000.\0003\000.\0007\000\040\000g\000e\000t\000P\000r\000i\000v\000a\000c\000y\000\050\000\051}{subsection.3.7.3}% 90
\BOOKMARK [3][-]{subsubsection.3.7.3.8}{\376\377\0003\000.\0007\000.\0003\000.\0008\000\040\000g\000e\000t\000T\000i\000t\000l\000e\000\050\000\051}{subsection.3.7.3}% 91
\BOOKMARK [3][-]{subsubsection.3.7.3.9}{\376\377\0003\000.\0007\000.\0003\000.\0009\000\040\000o\000p\000e\000r\000a\000t\000o\000r\000!\000=\000\050\000\051}{subsection.3.7.3}% 92
\BOOKMARK [3][-]{subsubsection.3.7.3.10}{\376\377\0003\000.\0007\000.\0003\000.\0001\0000\000\040\000o\000p\000e\000r\000a\000t\000o\000r\000=\000\050\000\051}{subsection.3.7.3}% 93
\BOOKMARK [3][-]{subsubsection.3.7.3.11}{\376\377\0003\000.\0007\000.\0003\000.\0001\0001\000\040\000o\000p\000e\000r\000a\000t\000o\000r\000=\000=\000\050\000\051}{subsection.3.7.3}% 94
\BOOKMARK [3][-]{subsubsection.3.7.3.12}{\376\377\0003\000.\0007\000.\0003\000.\0001\0002\000\040\000o\000p\000e\000r\000a\000t\000o\000r\000[\000]\000\050\000\051}{subsection.3.7.3}% 95
\BOOKMARK [3][-]{subsubsection.3.7.3.13}{\376\377\0003\000.\0007\000.\0003\000.\0001\0003\000\040\000s\000e\000t\000C\000r\000e\000a\000t\000i\000o\000n\000D\000a\000t\000e\000\050\000\051}{subsection.3.7.3}% 96
\BOOKMARK [3][-]{subsubsection.3.7.3.14}{\376\377\0003\000.\0007\000.\0003\000.\0001\0004\000\040\000s\000e\000t\000P\000r\000i\000v\000a\000c\000y\000\050\000\051}{subsection.3.7.3}% 97
\BOOKMARK [3][-]{subsubsection.3.7.3.15}{\376\377\0003\000.\0007\000.\0003\000.\0001\0005\000\040\000s\000e\000t\000T\000i\000t\000l\000e\000\050\000\051}{subsection.3.7.3}% 98
\BOOKMARK [1][-]{section.3.8}{\376\377\0003\000.\0008\000\040\000S\000o\000n\000g\000\040\000C\000l\000a\000s\000s\000\040\000R\000e\000f\000e\000r\000e\000n\000c\000e}{chapter.3}% 99
\BOOKMARK [2][-]{subsection.3.8.1}{\376\377\0003\000.\0008\000.\0001\000\040\000D\000e\000t\000a\000i\000l\000e\000d\000\040\000D\000e\000s\000c\000r\000i\000p\000t\000i\000o\000n}{section.3.8}% 100
\BOOKMARK [2][-]{subsection.3.8.2}{\376\377\0003\000.\0008\000.\0002\000\040\000C\000o\000n\000s\000t\000r\000u\000c\000t\000o\000r\000\040\000\046\000\040\000D\000e\000s\000t\000r\000u\000c\000t\000o\000r\000\040\000D\000o\000c\000u\000m\000e\000n\000t\000a\000t\000i\000o\000n}{section.3.8}% 101
\BOOKMARK [3][-]{subsubsection.3.8.2.1}{\376\377\0003\000.\0008\000.\0002\000.\0001\000\040\000S\000o\000n\000g\000\050\000\051\000\040\000[\0001\000/\0002\000]}{subsection.3.8.2}% 102
\BOOKMARK [3][-]{subsubsection.3.8.2.2}{\376\377\0003\000.\0008\000.\0002\000.\0002\000\040\000S\000o\000n\000g\000\050\000\051\000\040\000[\0002\000/\0002\000]}{subsection.3.8.2}% 103
\BOOKMARK [2][-]{subsection.3.8.3}{\376\377\0003\000.\0008\000.\0003\000\040\000M\000e\000m\000b\000e\000r\000\040\000F\000u\000n\000c\000t\000i\000o\000n\000\040\000D\000o\000c\000u\000m\000e\000n\000t\000a\000t\000i\000o\000n}{section.3.8}% 104
\BOOKMARK [3][-]{subsubsection.3.8.3.1}{\376\377\0003\000.\0008\000.\0003\000.\0001\000\040\000g\000e\000t\000D\000u\000r\000a\000t\000i\000o\000n\000\050\000\051}{subsection.3.8.3}% 105
\BOOKMARK [3][-]{subsubsection.3.8.3.2}{\376\377\0003\000.\0008\000.\0003\000.\0002\000\040\000g\000e\000t\000G\000e\000n\000r\000e\000\050\000\051}{subsection.3.8.3}% 106
\BOOKMARK [3][-]{subsubsection.3.8.3.3}{\376\377\0003\000.\0008\000.\0003\000.\0003\000\040\000g\000e\000t\000T\000i\000t\000l\000e\000\050\000\051}{subsection.3.8.3}% 107
\BOOKMARK [3][-]{subsubsection.3.8.3.4}{\376\377\0003\000.\0008\000.\0003\000.\0004\000\040\000o\000p\000e\000r\000a\000t\000o\000r\000!\000=\000\050\000\051}{subsection.3.8.3}% 108
\BOOKMARK [3][-]{subsubsection.3.8.3.5}{\376\377\0003\000.\0008\000.\0003\000.\0005\000\040\000o\000p\000e\000r\000a\000t\000o\000r\000=\000=\000\050\000\051}{subsection.3.8.3}% 109
\BOOKMARK [3][-]{subsubsection.3.8.3.6}{\376\377\0003\000.\0008\000.\0003\000.\0006\000\040\000s\000e\000t\000D\000u\000r\000a\000t\000i\000o\000n\000\050\000\051}{subsection.3.8.3}% 110
\BOOKMARK [3][-]{subsubsection.3.8.3.7}{\376\377\0003\000.\0008\000.\0003\000.\0007\000\040\000s\000e\000t\000G\000e\000n\000r\000e\000\050\000\051}{subsection.3.8.3}% 111
\BOOKMARK [3][-]{subsubsection.3.8.3.8}{\376\377\0003\000.\0008\000.\0003\000.\0008\000\040\000s\000e\000t\000T\000i\000t\000l\000e\000\050\000\051}{subsection.3.8.3}% 112
\BOOKMARK [1][-]{section.3.9}{\376\377\0003\000.\0009\000\040\000S\000o\000n\000g\000L\000i\000s\000t\000\040\000C\000l\000a\000s\000s\000\040\000R\000e\000f\000e\000r\000e\000n\000c\000e}{chapter.3}% 113
\BOOKMARK [2][-]{subsection.3.9.1}{\376\377\0003\000.\0009\000.\0001\000\040\000D\000e\000t\000a\000i\000l\000e\000d\000\040\000D\000e\000s\000c\000r\000i\000p\000t\000i\000o\000n}{section.3.9}% 114
\BOOKMARK [2][-]{subsection.3.9.2}{\376\377\0003\000.\0009\000.\0002\000\040\000C\000o\000n\000s\000t\000r\000u\000c\000t\000o\000r\000\040\000\046\000\040\000D\000e\000s\000t\000r\000u\000c\000t\000o\000r\000\040\000D\000o\000c\000u\000m\000e\000n\000t\000a\000t\000i\000o\000n}{section.3.9}% 115
\BOOKMARK [3][-]{subsubsection.3.9.2.1}{\376\377\0003\000.\0009\000.\0002\000.\0001\000\040\000S\000o\000n\000g\000L\000i\000s\000t\000\050\000\051}{subsection.3.9.2}% 116
\BOOKMARK [3][-]{subsubsection.3.9.2.2}{\376\377\0003\000.\0009\000.\0002\000.\0002\000\040\000~\000S\000o\000n\000g\000L\000i\000s\000t\000\050\000\051}{subsection.3.9.2}% 117
\BOOKMARK [2][-]{subsection.3.9.3}{\376\377\0003\000.\0009\000.\0003\000\040\000M\000e\000m\000b\000e\000r\000\040\000F\000u\000n\000c\000t\000i\000o\000n\000\040\000D\000o\000c\000u\000m\000e\000n\000t\000a\000t\000i\000o\000n}{section.3.9}% 118
\BOOKMARK [3][-]{subsubsection.3.9.3.1}{\376\377\0003\000.\0009\000.\0003\000.\0001\000\040\000a\000d\000d\000S\000o\000n\000g\000\050\000\051}{subsection.3.9.3}% 119
\BOOKMARK [3][-]{subsubsection.3.9.3.2}{\376\377\0003\000.\0009\000.\0003\000.\0002\000\040\000f\000i\000n\000d\000S\000o\000n\000g\000\050\000\051}{subsection.3.9.3}% 120
\BOOKMARK [1][-]{section.3.10}{\376\377\0003\000.\0001\0000\000\040\000S\000p\000o\000t\000i\000f\000r\000y\000\040\000C\000l\000a\000s\000s\000\040\000R\000e\000f\000e\000r\000e\000n\000c\000e}{chapter.3}% 121
\BOOKMARK [2][-]{subsection.3.10.1}{\376\377\0003\000.\0001\0000\000.\0001\000\040\000D\000e\000t\000a\000i\000l\000e\000d\000\040\000D\000e\000s\000c\000r\000i\000p\000t\000i\000o\000n}{section.3.10}% 122
\BOOKMARK [2][-]{subsection.3.10.2}{\376\377\0003\000.\0001\0000\000.\0002\000\040\000C\000o\000n\000s\000t\000r\000u\000c\000t\000o\000r\000\040\000\046\000\040\000D\000e\000s\000t\000r\000u\000c\000t\000o\000r\000\040\000D\000o\000c\000u\000m\000e\000n\000t\000a\000t\000i\000o\000n}{section.3.10}% 123
\BOOKMARK [3][-]{subsubsection.3.10.2.1}{\376\377\0003\000.\0001\0000\000.\0002\000.\0001\000\040\000S\000p\000o\000t\000i\000f\000r\000y\000\050\000\051}{subsection.3.10.2}% 124
\BOOKMARK [2][-]{subsection.3.10.3}{\376\377\0003\000.\0001\0000\000.\0003\000\040\000M\000e\000m\000b\000e\000r\000\040\000F\000u\000n\000c\000t\000i\000o\000n\000\040\000D\000o\000c\000u\000m\000e\000n\000t\000a\000t\000i\000o\000n}{section.3.10}% 125
\BOOKMARK [3][-]{subsubsection.3.10.3.1}{\376\377\0003\000.\0001\0000\000.\0003\000.\0001\000\040\000a\000r\000t\000i\000s\000t\000a\000T\000o\000p\000\050\000\051}{subsection.3.10.3}% 126
\BOOKMARK [3][-]{subsubsection.3.10.3.2}{\376\377\0003\000.\0001\0000\000.\0003\000.\0002\000\040\000c\000r\000e\000a\000t\000e\000P\000l\000a\000y\000l\000i\000s\000t\000\050\000\051}{subsection.3.10.3}% 127
\BOOKMARK [3][-]{subsubsection.3.10.3.3}{\376\377\0003\000.\0001\0000\000.\0003\000.\0003\000\040\000g\000e\000n\000e\000r\000a\000r\000C\000a\000n\000c\000i\000o\000n\000e\000s\000\050\000\051}{subsection.3.10.3}% 128
\BOOKMARK [3][-]{subsubsection.3.10.3.4}{\376\377\0003\000.\0001\0000\000.\0003\000.\0004\000\040\000g\000e\000n\000e\000r\000a\000r\000P\000l\000a\000y\000l\000i\000s\000t\000s\000\050\000\051}{subsection.3.10.3}% 129
\BOOKMARK [3][-]{subsubsection.3.10.3.5}{\376\377\0003\000.\0001\0000\000.\0003\000.\0005\000\040\000g\000e\000t\000A\000l\000b\000u\000m\000L\000i\000s\000t\000\050\000\051}{subsection.3.10.3}% 130
\BOOKMARK [3][-]{subsubsection.3.10.3.6}{\376\377\0003\000.\0001\0000\000.\0003\000.\0006\000\040\000g\000e\000t\000S\000o\000n\000g\000L\000i\000s\000t\000\050\000\051}{subsection.3.10.3}% 131
\BOOKMARK [3][-]{subsubsection.3.10.3.7}{\376\377\0003\000.\0001\0000\000.\0003\000.\0007\000\040\000g\000e\000t\000U\000s\000e\000r\000L\000i\000s\000t\000\050\000\051}{subsection.3.10.3}% 132
\BOOKMARK [3][-]{subsubsection.3.10.3.8}{\376\377\0003\000.\0001\0000\000.\0003\000.\0008\000\040\000l\000e\000e\000r\000A\000r\000c\000h\000i\000v\000o\000\050\000\051}{subsection.3.10.3}% 133
\BOOKMARK [3][-]{subsubsection.3.10.3.9}{\376\377\0003\000.\0001\0000\000.\0003\000.\0009\000\040\000l\000e\000e\000r\000T\000e\000m\000p\000l\000a\000t\000e\000H\000t\000m\000l\000\050\000\051}{subsection.3.10.3}% 134
\BOOKMARK [3][-]{subsubsection.3.10.3.10}{\376\377\0003\000.\0001\0000\000.\0003\000.\0001\0000\000\040\000n\000u\000m\000P\000l\000a\000y\000l\000i\000s\000t\000s\000\050\000\051}{subsection.3.10.3}% 135
\BOOKMARK [3][-]{subsubsection.3.10.3.11}{\376\377\0003\000.\0001\0000\000.\0003\000.\0001\0001\000\040\000n\000u\000m\000S\000o\000n\000g\000s\000\050\000\051}{subsection.3.10.3}% 136
\BOOKMARK [3][-]{subsubsection.3.10.3.12}{\376\377\0003\000.\0001\0000\000.\0003\000.\0001\0002\000\040\000r\000e\000e\000m\000p\000l\000a\000z\000a\000r\000\050\000\051}{subsection.3.10.3}% 137
\BOOKMARK [1][-]{section.3.11}{\376\377\0003\000.\0001\0001\000\040\000U\000s\000e\000r\000\040\000C\000l\000a\000s\000s\000\040\000R\000e\000f\000e\000r\000e\000n\000c\000e}{chapter.3}% 138
\BOOKMARK [2][-]{subsection.3.11.1}{\376\377\0003\000.\0001\0001\000.\0001\000\040\000D\000e\000t\000a\000i\000l\000e\000d\000\040\000D\000e\000s\000c\000r\000i\000p\000t\000i\000o\000n}{section.3.11}% 139
\BOOKMARK [2][-]{subsection.3.11.2}{\376\377\0003\000.\0001\0001\000.\0002\000\040\000C\000o\000n\000s\000t\000r\000u\000c\000t\000o\000r\000\040\000\046\000\040\000D\000e\000s\000t\000r\000u\000c\000t\000o\000r\000\040\000D\000o\000c\000u\000m\000e\000n\000t\000a\000t\000i\000o\000n}{section.3.11}% 140
\BOOKMARK [3][-]{subsubsection.3.11.2.1}{\376\377\0003\000.\0001\0001\000.\0002\000.\0001\000\040\000U\000s\000e\000r\000\050\000\051\000\040\000[\0001\000/\0003\000]}{subsection.3.11.2}% 141
\BOOKMARK [3][-]{subsubsection.3.11.2.2}{\376\377\0003\000.\0001\0001\000.\0002\000.\0002\000\040\000U\000s\000e\000r\000\050\000\051\000\040\000[\0002\000/\0003\000]}{subsection.3.11.2}% 142
\BOOKMARK [3][-]{subsubsection.3.11.2.3}{\376\377\0003\000.\0001\0001\000.\0002\000.\0003\000\040\000U\000s\000e\000r\000\050\000\051\000\040\000[\0003\000/\0003\000]}{subsection.3.11.2}% 143
\BOOKMARK [3][-]{subsubsection.3.11.2.4}{\376\377\0003\000.\0001\0001\000.\0002\000.\0004\000\040\000~\000U\000s\000e\000r\000\050\000\051}{subsection.3.11.2}% 144
\BOOKMARK [2][-]{subsection.3.11.3}{\376\377\0003\000.\0001\0001\000.\0003\000\040\000M\000e\000m\000b\000e\000r\000\040\000F\000u\000n\000c\000t\000i\000o\000n\000\040\000D\000o\000c\000u\000m\000e\000n\000t\000a\000t\000i\000o\000n}{section.3.11}% 145
\BOOKMARK [3][-]{subsubsection.3.11.3.1}{\376\377\0003\000.\0001\0001\000.\0003\000.\0001\000\040\000a\000d\000d\000P\000l\000a\000y\000l\000i\000s\000t\000\050\000\051}{subsection.3.11.3}% 146
\BOOKMARK [3][-]{subsubsection.3.11.3.2}{\376\377\0003\000.\0001\0001\000.\0003\000.\0002\000\040\000a\000d\000d\000S\000o\000n\000g\000\050\000\051}{subsection.3.11.3}% 147
\BOOKMARK [3][-]{subsubsection.3.11.3.3}{\376\377\0003\000.\0001\0001\000.\0003\000.\0003\000\040\000c\000r\000e\000a\000t\000e\000P\000l\000a\000y\000l\000i\000s\000t\000\050\000\051}{subsection.3.11.3}% 148
\BOOKMARK [3][-]{subsubsection.3.11.3.4}{\376\377\0003\000.\0001\0001\000.\0003\000.\0004\000\040\000d\000e\000l\000e\000t\000e\000P\000l\000a\000y\000l\000i\000s\000t\000\050\000\051}{subsection.3.11.3}% 149
\BOOKMARK [3][-]{subsubsection.3.11.3.5}{\376\377\0003\000.\0001\0001\000.\0003\000.\0005\000\040\000d\000e\000l\000e\000t\000e\000S\000o\000n\000g\000\050\000\051}{subsection.3.11.3}% 150
\BOOKMARK [3][-]{subsubsection.3.11.3.6}{\376\377\0003\000.\0001\0001\000.\0003\000.\0006\000\040\000g\000e\000t\000B\000i\000r\000t\000h\000d\000a\000t\000e\000\050\000\051}{subsection.3.11.3}% 151
\BOOKMARK [3][-]{subsubsection.3.11.3.7}{\376\377\0003\000.\0001\0001\000.\0003\000.\0007\000\040\000g\000e\000t\000E\000m\000a\000i\000l\000\050\000\051}{subsection.3.11.3}% 152
\BOOKMARK [3][-]{subsubsection.3.11.3.8}{\376\377\0003\000.\0001\0001\000.\0003\000.\0008\000\040\000g\000e\000t\000G\000e\000n\000d\000e\000r\000\050\000\051}{subsection.3.11.3}% 153
\BOOKMARK [3][-]{subsubsection.3.11.3.9}{\376\377\0003\000.\0001\0001\000.\0003\000.\0009\000\040\000g\000e\000t\000N\000a\000m\000e\000\050\000\051}{subsection.3.11.3}% 154
\BOOKMARK [3][-]{subsubsection.3.11.3.10}{\376\377\0003\000.\0001\0001\000.\0003\000.\0001\0000\000\040\000g\000e\000t\000N\000u\000m\000P\000l\000a\000y\000l\000i\000s\000t\000s\000\050\000\051}{subsection.3.11.3}% 155
\BOOKMARK [3][-]{subsubsection.3.11.3.11}{\376\377\0003\000.\0001\0001\000.\0003\000.\0001\0001\000\040\000g\000e\000t\000N\000u\000m\000S\000a\000v\000e\000d\000S\000o\000n\000g\000s\000\050\000\051}{subsection.3.11.3}% 156
\BOOKMARK [3][-]{subsubsection.3.11.3.12}{\376\377\0003\000.\0001\0001\000.\0003\000.\0001\0002\000\040\000o\000p\000e\000r\000a\000t\000o\000r\000\050\000\051\000\050\000\051\000\040\000[\0001\000/\0002\000]}{subsection.3.11.3}% 157
\BOOKMARK [3][-]{subsubsection.3.11.3.13}{\376\377\0003\000.\0001\0001\000.\0003\000.\0001\0003\000\040\000o\000p\000e\000r\000a\000t\000o\000r\000\050\000\051\000\050\000\051\000\040\000[\0002\000/\0002\000]}{subsection.3.11.3}% 158
\BOOKMARK [3][-]{subsubsection.3.11.3.14}{\376\377\0003\000.\0001\0001\000.\0003\000.\0001\0004\000\040\000o\000p\000e\000r\000a\000t\000o\000r\000=\000\050\000\051}{subsection.3.11.3}% 159
\BOOKMARK [3][-]{subsubsection.3.11.3.15}{\376\377\0003\000.\0001\0001\000.\0003\000.\0001\0005\000\040\000o\000p\000e\000r\000a\000t\000o\000r\000[\000]\000\050\000\051}{subsection.3.11.3}% 160
\BOOKMARK [3][-]{subsubsection.3.11.3.16}{\376\377\0003\000.\0001\0001\000.\0003\000.\0001\0006\000\040\000s\000e\000t\000B\000i\000r\000t\000h\000d\000a\000t\000e\000\050\000\051}{subsection.3.11.3}% 161
\BOOKMARK [3][-]{subsubsection.3.11.3.17}{\376\377\0003\000.\0001\0001\000.\0003\000.\0001\0007\000\040\000s\000e\000t\000E\000m\000a\000i\000l\000\050\000\051}{subsection.3.11.3}% 162
\BOOKMARK [3][-]{subsubsection.3.11.3.18}{\376\377\0003\000.\0001\0001\000.\0003\000.\0001\0008\000\040\000s\000e\000t\000G\000e\000n\000d\000e\000r\000\050\000\051}{subsection.3.11.3}% 163
\BOOKMARK [3][-]{subsubsection.3.11.3.19}{\376\377\0003\000.\0001\0001\000.\0003\000.\0001\0009\000\040\000s\000e\000t\000N\000a\000m\000e\000\050\000\051}{subsection.3.11.3}% 164
\BOOKMARK [1][-]{section.3.12}{\376\377\0003\000.\0001\0002\000\040\000U\000s\000e\000r\000L\000i\000s\000t\000\040\000C\000l\000a\000s\000s\000\040\000R\000e\000f\000e\000r\000e\000n\000c\000e}{chapter.3}% 165
\BOOKMARK [2][-]{subsection.3.12.1}{\376\377\0003\000.\0001\0002\000.\0001\000\040\000D\000e\000t\000a\000i\000l\000e\000d\000\040\000D\000e\000s\000c\000r\000i\000p\000t\000i\000o\000n}{section.3.12}% 166
\BOOKMARK [2][-]{subsection.3.12.2}{\376\377\0003\000.\0001\0002\000.\0002\000\040\000C\000o\000n\000s\000t\000r\000u\000c\000t\000o\000r\000\040\000\046\000\040\000D\000e\000s\000t\000r\000u\000c\000t\000o\000r\000\040\000D\000o\000c\000u\000m\000e\000n\000t\000a\000t\000i\000o\000n}{section.3.12}% 167
\BOOKMARK [3][-]{subsubsection.3.12.2.1}{\376\377\0003\000.\0001\0002\000.\0002\000.\0001\000\040\000U\000s\000e\000r\000L\000i\000s\000t\000\050\000\051}{subsection.3.12.2}% 168
\BOOKMARK [3][-]{subsubsection.3.12.2.2}{\376\377\0003\000.\0001\0002\000.\0002\000.\0002\000\040\000~\000U\000s\000e\000r\000L\000i\000s\000t\000\050\000\051}{subsection.3.12.2}% 169
\BOOKMARK [2][-]{subsection.3.12.3}{\376\377\0003\000.\0001\0002\000.\0003\000\040\000M\000e\000m\000b\000e\000r\000\040\000F\000u\000n\000c\000t\000i\000o\000n\000\040\000D\000o\000c\000u\000m\000e\000n\000t\000a\000t\000i\000o\000n}{section.3.12}% 170
\BOOKMARK [3][-]{subsubsection.3.12.3.1}{\376\377\0003\000.\0001\0002\000.\0003\000.\0001\000\040\000a\000d\000d\000P\000l\000a\000y\000l\000i\000s\000t\000\050\000\051}{subsection.3.12.3}% 171
\BOOKMARK [3][-]{subsubsection.3.12.3.2}{\376\377\0003\000.\0001\0002\000.\0003\000.\0002\000\040\000a\000d\000d\000U\000s\000e\000r\000\050\000\051}{subsection.3.12.3}% 172
\BOOKMARK [3][-]{subsubsection.3.12.3.3}{\376\377\0003\000.\0001\0002\000.\0003\000.\0003\000\040\000g\000e\000t\000C\000u\000r\000r\000e\000n\000t\000S\000i\000z\000e\000\050\000\051}{subsection.3.12.3}% 173
\BOOKMARK [3][-]{subsubsection.3.12.3.4}{\376\377\0003\000.\0001\0002\000.\0003\000.\0004\000\040\000g\000e\000t\000N\000u\000m\000b\000e\000r\000O\000f\000P\000l\000a\000y\000l\000i\000s\000t\000s\000\050\000\051}{subsection.3.12.3}% 174
\BOOKMARK [3][-]{subsubsection.3.12.3.5}{\376\377\0003\000.\0001\0002\000.\0003\000.\0005\000\040\000g\000e\000t\000U\000s\000e\000r\000B\000y\000E\000m\000a\000i\000l\000\050\000\051}{subsection.3.12.3}% 175
\BOOKMARK [0][-]{chapter.4}{\376\377\0004\000\040\000F\000i\000l\000e\000\040\000D\000o\000c\000u\000m\000e\000n\000t\000a\000t\000i\000o\000n}{}% 176
\BOOKMARK [1][-]{section.4.1}{\376\377\0004\000.\0001\000\040\000i\000n\000c\000l\000u\000d\000e\000/\000a\000l\000b\000u\000m\000.\000h\000\040\000F\000i\000l\000e\000\040\000R\000e\000f\000e\000r\000e\000n\000c\000e}{chapter.4}% 177
\BOOKMARK [2][-]{subsection.4.1.1}{\376\377\0004\000.\0001\000.\0001\000\040\000D\000e\000t\000a\000i\000l\000e\000d\000\040\000D\000e\000s\000c\000r\000i\000p\000t\000i\000o\000n}{section.4.1}% 178
\BOOKMARK [2][-]{subsection.4.1.2}{\376\377\0004\000.\0001\000.\0002\000\040\000F\000u\000n\000c\000t\000i\000o\000n\000\040\000D\000o\000c\000u\000m\000e\000n\000t\000a\000t\000i\000o\000n}{section.4.1}% 179
\BOOKMARK [3][-]{subsubsection.4.1.2.1}{\376\377\0004\000.\0001\000.\0002\000.\0001\000\040\000o\000p\000e\000r\000a\000t\000o\000r\000<\000<\000\050\000\051}{subsection.4.1.2}% 180
\BOOKMARK [1][-]{section.4.2}{\376\377\0004\000.\0002\000\040\000a\000l\000b\000u\000m\000.\000h}{chapter.4}% 181
\BOOKMARK [1][-]{section.4.3}{\376\377\0004\000.\0003\000\040\000i\000n\000c\000l\000u\000d\000e\000/\000a\000l\000b\000u\000m\000l\000i\000s\000t\000.\000h\000\040\000F\000i\000l\000e\000\040\000R\000e\000f\000e\000r\000e\000n\000c\000e}{chapter.4}% 182
\BOOKMARK [2][-]{subsection.4.3.1}{\376\377\0004\000.\0003\000.\0001\000\040\000D\000e\000t\000a\000i\000l\000e\000d\000\040\000D\000e\000s\000c\000r\000i\000p\000t\000i\000o\000n}{section.4.3}% 183
\BOOKMARK [2][-]{subsection.4.3.2}{\376\377\0004\000.\0003\000.\0002\000\040\000V\000a\000r\000i\000a\000b\000l\000e\000\040\000D\000o\000c\000u\000m\000e\000n\000t\000a\000t\000i\000o\000n}{section.4.3}% 184
\BOOKMARK [3][-]{subsubsection.4.3.2.1}{\376\377\0004\000.\0003\000.\0002\000.\0001\000\040\000M\000A\000X\000\137\000A\000L\000B\000U\000M\000S}{subsection.4.3.2}% 185
\BOOKMARK [1][-]{section.4.4}{\376\377\0004\000.\0004\000\040\000a\000l\000b\000u\000m\000l\000i\000s\000t\000.\000h}{chapter.4}% 186
\BOOKMARK [1][-]{section.4.5}{\376\377\0004\000.\0005\000\040\000i\000n\000c\000l\000u\000d\000e\000/\000a\000r\000t\000i\000s\000t\000.\000h\000\040\000F\000i\000l\000e\000\040\000R\000e\000f\000e\000r\000e\000n\000c\000e}{chapter.4}% 187
\BOOKMARK [2][-]{subsection.4.5.1}{\376\377\0004\000.\0005\000.\0001\000\040\000D\000e\000t\000a\000i\000l\000e\000d\000\040\000D\000e\000s\000c\000r\000i\000p\000t\000i\000o\000n}{section.4.5}% 188
\BOOKMARK [2][-]{subsection.4.5.2}{\376\377\0004\000.\0005\000.\0002\000\040\000F\000u\000n\000c\000t\000i\000o\000n\000\040\000D\000o\000c\000u\000m\000e\000n\000t\000a\000t\000i\000o\000n}{section.4.5}% 189
\BOOKMARK [3][-]{subsubsection.4.5.2.1}{\376\377\0004\000.\0005\000.\0002\000.\0001\000\040\000o\000p\000e\000r\000a\000t\000o\000r\000<\000<\000\050\000\051}{subsection.4.5.2}% 190
\BOOKMARK [1][-]{section.4.6}{\376\377\0004\000.\0006\000\040\000a\000r\000t\000i\000s\000t\000.\000h}{chapter.4}% 191
\BOOKMARK [1][-]{section.4.7}{\376\377\0004\000.\0007\000\040\000i\000n\000c\000l\000u\000d\000e\000/\000a\000r\000t\000i\000s\000t\000l\000i\000s\000t\000.\000h\000\040\000F\000i\000l\000e\000\040\000R\000e\000f\000e\000r\000e\000n\000c\000e}{chapter.4}% 192
\BOOKMARK [2][-]{subsection.4.7.1}{\376\377\0004\000.\0007\000.\0001\000\040\000D\000e\000t\000a\000i\000l\000e\000d\000\040\000D\000e\000s\000c\000r\000i\000p\000t\000i\000o\000n}{section.4.7}% 193
\BOOKMARK [2][-]{subsection.4.7.2}{\376\377\0004\000.\0007\000.\0002\000\040\000V\000a\000r\000i\000a\000b\000l\000e\000\040\000D\000o\000c\000u\000m\000e\000n\000t\000a\000t\000i\000o\000n}{section.4.7}% 194
\BOOKMARK [3][-]{subsubsection.4.7.2.1}{\376\377\0004\000.\0007\000.\0002\000.\0001\000\040\000M\000A\000X\000\137\000A\000R\000T\000I\000S\000T\000S}{subsection.4.7.2}% 195
\BOOKMARK [1][-]{section.4.8}{\376\377\0004\000.\0008\000\040\000a\000r\000t\000i\000s\000t\000l\000i\000s\000t\000.\000h}{chapter.4}% 196
\BOOKMARK [1][-]{section.4.9}{\376\377\0004\000.\0009\000\040\000i\000n\000c\000l\000u\000d\000e\000/\000d\000a\000t\000e\000.\000h\000\040\000F\000i\000l\000e\000\040\000R\000e\000f\000e\000r\000e\000n\000c\000e}{chapter.4}% 197
\BOOKMARK [2][-]{subsection.4.9.1}{\376\377\0004\000.\0009\000.\0001\000\040\000D\000e\000t\000a\000i\000l\000e\000d\000\040\000D\000e\000s\000c\000r\000i\000p\000t\000i\000o\000n}{section.4.9}% 198
\BOOKMARK [2][-]{subsection.4.9.2}{\376\377\0004\000.\0009\000.\0002\000\040\000F\000u\000n\000c\000t\000i\000o\000n\000\040\000D\000o\000c\000u\000m\000e\000n\000t\000a\000t\000i\000o\000n}{section.4.9}% 199
\BOOKMARK [3][-]{subsubsection.4.9.2.1}{\376\377\0004\000.\0009\000.\0002\000.\0001\000\040\000o\000p\000e\000r\000a\000t\000o\000r\000<\000<\000\050\000\051}{subsection.4.9.2}% 200
\BOOKMARK [1][-]{section.4.10}{\376\377\0004\000.\0001\0000\000\040\000d\000a\000t\000e\000.\000h}{chapter.4}% 201
\BOOKMARK [1][-]{section.4.11}{\376\377\0004\000.\0001\0001\000\040\000i\000n\000c\000l\000u\000d\000e\000/\000p\000l\000a\000y\000l\000i\000s\000t\000.\000h\000\040\000F\000i\000l\000e\000\040\000R\000e\000f\000e\000r\000e\000n\000c\000e}{chapter.4}% 202
\BOOKMARK [2][-]{subsection.4.11.1}{\376\377\0004\000.\0001\0001\000.\0001\000\040\000D\000e\000t\000a\000i\000l\000e\000d\000\040\000D\000e\000s\000c\000r\000i\000p\000t\000i\000o\000n}{section.4.11}% 203
\BOOKMARK [2][-]{subsection.4.11.2}{\376\377\0004\000.\0001\0001\000.\0002\000\040\000E\000n\000u\000m\000e\000r\000a\000t\000i\000o\000n\000\040\000T\000y\000p\000e\000\040\000D\000o\000c\000u\000m\000e\000n\000t\000a\000t\000i\000o\000n}{section.4.11}% 204
\BOOKMARK [3][-]{subsubsection.4.11.2.1}{\376\377\0004\000.\0001\0001\000.\0002\000.\0001\000\040\000P\000l\000a\000y\000l\000i\000s\000t\000P\000r\000i\000v\000a\000c\000y}{subsection.4.11.2}% 205
\BOOKMARK [2][-]{subsection.4.11.3}{\376\377\0004\000.\0001\0001\000.\0003\000\040\000F\000u\000n\000c\000t\000i\000o\000n\000\040\000D\000o\000c\000u\000m\000e\000n\000t\000a\000t\000i\000o\000n}{section.4.11}% 206
\BOOKMARK [3][-]{subsubsection.4.11.3.1}{\376\377\0004\000.\0001\0001\000.\0003\000.\0001\000\040\000o\000p\000e\000r\000a\000t\000o\000r\000<\000<\000\050\000\051}{subsection.4.11.3}% 207
\BOOKMARK [1][-]{section.4.12}{\376\377\0004\000.\0001\0002\000\040\000p\000l\000a\000y\000l\000i\000s\000t\000.\000h}{chapter.4}% 208
\BOOKMARK [1][-]{section.4.13}{\376\377\0004\000.\0001\0003\000\040\000i\000n\000c\000l\000u\000d\000e\000/\000s\000o\000n\000g\000.\000h\000\040\000F\000i\000l\000e\000\040\000R\000e\000f\000e\000r\000e\000n\000c\000e}{chapter.4}% 209
\BOOKMARK [2][-]{subsection.4.13.1}{\376\377\0004\000.\0001\0003\000.\0001\000\040\000D\000e\000t\000a\000i\000l\000e\000d\000\040\000D\000e\000s\000c\000r\000i\000p\000t\000i\000o\000n}{section.4.13}% 210
\BOOKMARK [2][-]{subsection.4.13.2}{\376\377\0004\000.\0001\0003\000.\0002\000\040\000E\000n\000u\000m\000e\000r\000a\000t\000i\000o\000n\000\040\000T\000y\000p\000e\000\040\000D\000o\000c\000u\000m\000e\000n\000t\000a\000t\000i\000o\000n}{section.4.13}% 211
\BOOKMARK [3][-]{subsubsection.4.13.2.1}{\376\377\0004\000.\0001\0003\000.\0002\000.\0001\000\040\000G\000e\000n\000r\000e}{subsection.4.13.2}% 212
\BOOKMARK [2][-]{subsection.4.13.3}{\376\377\0004\000.\0001\0003\000.\0003\000\040\000F\000u\000n\000c\000t\000i\000o\000n\000\040\000D\000o\000c\000u\000m\000e\000n\000t\000a\000t\000i\000o\000n}{section.4.13}% 213
\BOOKMARK [3][-]{subsubsection.4.13.3.1}{\376\377\0004\000.\0001\0003\000.\0003\000.\0001\000\040\000o\000p\000e\000r\000a\000t\000o\000r\000<\000<\000\050\000\051}{subsection.4.13.3}% 214
\BOOKMARK [1][-]{section.4.14}{\376\377\0004\000.\0001\0004\000\040\000s\000o\000n\000g\000.\000h}{chapter.4}% 215
\BOOKMARK [1][-]{section.4.15}{\376\377\0004\000.\0001\0005\000\040\000i\000n\000c\000l\000u\000d\000e\000/\000s\000o\000n\000g\000l\000i\000s\000t\000.\000h\000\040\000F\000i\000l\000e\000\040\000R\000e\000f\000e\000r\000e\000n\000c\000e}{chapter.4}% 216
\BOOKMARK [2][-]{subsection.4.15.1}{\376\377\0004\000.\0001\0005\000.\0001\000\040\000D\000e\000t\000a\000i\000l\000e\000d\000\040\000D\000e\000s\000c\000r\000i\000p\000t\000i\000o\000n}{section.4.15}% 217
\BOOKMARK [2][-]{subsection.4.15.2}{\376\377\0004\000.\0001\0005\000.\0002\000\040\000V\000a\000r\000i\000a\000b\000l\000e\000\040\000D\000o\000c\000u\000m\000e\000n\000t\000a\000t\000i\000o\000n}{section.4.15}% 218
\BOOKMARK [3][-]{subsubsection.4.15.2.1}{\376\377\0004\000.\0001\0005\000.\0002\000.\0001\000\040\000B\000L\000O\000C\000K\000\137\000M\000A\000X\000\137\000S\000I\000Z\000E}{subsection.4.15.2}% 219
\BOOKMARK [1][-]{section.4.16}{\376\377\0004\000.\0001\0006\000\040\000s\000o\000n\000g\000l\000i\000s\000t\000.\000h}{chapter.4}% 220
\BOOKMARK [1][-]{section.4.17}{\376\377\0004\000.\0001\0007\000\040\000i\000n\000c\000l\000u\000d\000e\000/\000s\000p\000o\000t\000i\000f\000r\000y\000.\000h\000\040\000F\000i\000l\000e\000\040\000R\000e\000f\000e\000r\000e\000n\000c\000e}{chapter.4}% 221
\BOOKMARK [2][-]{subsection.4.17.1}{\376\377\0004\000.\0001\0007\000.\0001\000\040\000D\000e\000t\000a\000i\000l\000e\000d\000\040\000D\000e\000s\000c\000r\000i\000p\000t\000i\000o\000n}{section.4.17}% 222
\BOOKMARK [1][-]{section.4.18}{\376\377\0004\000.\0001\0008\000\040\000s\000p\000o\000t\000i\000f\000r\000y\000.\000h}{chapter.4}% 223
\BOOKMARK [1][-]{section.4.19}{\376\377\0004\000.\0001\0009\000\040\000i\000n\000c\000l\000u\000d\000e\000/\000u\000s\000e\000r\000.\000h\000\040\000F\000i\000l\000e\000\040\000R\000e\000f\000e\000r\000e\000n\000c\000e}{chapter.4}% 224
\BOOKMARK [2][-]{subsection.4.19.1}{\376\377\0004\000.\0001\0009\000.\0001\000\040\000D\000e\000t\000a\000i\000l\000e\000d\000\040\000D\000e\000s\000c\000r\000i\000p\000t\000i\000o\000n}{section.4.19}% 225
\BOOKMARK [2][-]{subsection.4.19.2}{\376\377\0004\000.\0001\0009\000.\0002\000\040\000E\000n\000u\000m\000e\000r\000a\000t\000i\000o\000n\000\040\000T\000y\000p\000e\000\040\000D\000o\000c\000u\000m\000e\000n\000t\000a\000t\000i\000o\000n}{section.4.19}% 226
\BOOKMARK [3][-]{subsubsection.4.19.2.1}{\376\377\0004\000.\0001\0009\000.\0002\000.\0001\000\040\000G\000e\000n\000d\000e\000r}{subsection.4.19.2}% 227
\BOOKMARK [2][-]{subsection.4.19.3}{\376\377\0004\000.\0001\0009\000.\0003\000\040\000F\000u\000n\000c\000t\000i\000o\000n\000\040\000D\000o\000c\000u\000m\000e\000n\000t\000a\000t\000i\000o\000n}{section.4.19}% 228
\BOOKMARK [3][-]{subsubsection.4.19.3.1}{\376\377\0004\000.\0001\0009\000.\0003\000.\0001\000\040\000o\000p\000e\000r\000a\000t\000o\000r\000<\000<\000\050\000\051}{subsection.4.19.3}% 229
\BOOKMARK [1][-]{section.4.20}{\376\377\0004\000.\0002\0000\000\040\000u\000s\000e\000r\000.\000h}{chapter.4}% 230
\BOOKMARK [1][-]{section.4.21}{\376\377\0004\000.\0002\0001\000\040\000i\000n\000c\000l\000u\000d\000e\000/\000u\000s\000e\000r\000l\000i\000s\000t\000.\000h\000\040\000F\000i\000l\000e\000\040\000R\000e\000f\000e\000r\000e\000n\000c\000e}{chapter.4}% 231
\BOOKMARK [2][-]{subsection.4.21.1}{\376\377\0004\000.\0002\0001\000.\0001\000\040\000D\000e\000t\000a\000i\000l\000e\000d\000\040\000D\000e\000s\000c\000r\000i\000p\000t\000i\000o\000n}{section.4.21}% 232
\BOOKMARK [2][-]{subsection.4.21.2}{\376\377\0004\000.\0002\0001\000.\0002\000\040\000V\000a\000r\000i\000a\000b\000l\000e\000\040\000D\000o\000c\000u\000m\000e\000n\000t\000a\000t\000i\000o\000n}{section.4.21}% 233
\BOOKMARK [3][-]{subsubsection.4.21.2.1}{\376\377\0004\000.\0002\0001\000.\0002\000.\0001\000\040\000M\000A\000X\000\137\000P\000L\000A\000Y\000L\000I\000S\000T\000S}{subsection.4.21.2}% 234
\BOOKMARK [3][-]{subsubsection.4.21.2.2}{\376\377\0004\000.\0002\0001\000.\0002\000.\0002\000\040\000M\000A\000X\000\137\000U\000S\000E\000R\000S}{subsection.4.21.2}% 235
\BOOKMARK [1][-]{section.4.22}{\376\377\0004\000.\0002\0002\000\040\000u\000s\000e\000r\000l\000i\000s\000t\000.\000h}{chapter.4}% 236
\BOOKMARK [1][-]{section.4.23}{\376\377\0004\000.\0002\0003\000\040\000s\000r\000c\000/\000a\000l\000b\000u\000m\000.\000c\000p\000p\000\040\000F\000i\000l\000e\000\040\000R\000e\000f\000e\000r\000e\000n\000c\000e}{chapter.4}% 237
\BOOKMARK [2][-]{subsection.4.23.1}{\376\377\0004\000.\0002\0003\000.\0001\000\040\000D\000e\000t\000a\000i\000l\000e\000d\000\040\000D\000e\000s\000c\000r\000i\000p\000t\000i\000o\000n}{section.4.23}% 238
\BOOKMARK [2][-]{subsection.4.23.2}{\376\377\0004\000.\0002\0003\000.\0002\000\040\000F\000u\000n\000c\000t\000i\000o\000n\000\040\000D\000o\000c\000u\000m\000e\000n\000t\000a\000t\000i\000o\000n}{section.4.23}% 239
\BOOKMARK [3][-]{subsubsection.4.23.2.1}{\376\377\0004\000.\0002\0003\000.\0002\000.\0001\000\040\000o\000p\000e\000r\000a\000t\000o\000r\000<\000<\000\050\000\051}{subsection.4.23.2}% 240
\BOOKMARK [1][-]{section.4.24}{\376\377\0004\000.\0002\0004\000\040\000s\000r\000c\000/\000a\000l\000b\000u\000m\000l\000i\000s\000t\000.\000c\000p\000p\000\040\000F\000i\000l\000e\000\040\000R\000e\000f\000e\000r\000e\000n\000c\000e}{chapter.4}% 241
\BOOKMARK [2][-]{subsection.4.24.1}{\376\377\0004\000.\0002\0004\000.\0001\000\040\000D\000e\000t\000a\000i\000l\000e\000d\000\040\000D\000e\000s\000c\000r\000i\000p\000t\000i\000o\000n}{section.4.24}% 242
\BOOKMARK [1][-]{section.4.25}{\376\377\0004\000.\0002\0005\000\040\000s\000r\000c\000/\000a\000r\000t\000i\000s\000t\000.\000c\000p\000p\000\040\000F\000i\000l\000e\000\040\000R\000e\000f\000e\000r\000e\000n\000c\000e}{chapter.4}% 243
\BOOKMARK [2][-]{subsection.4.25.1}{\376\377\0004\000.\0002\0005\000.\0001\000\040\000D\000e\000t\000a\000i\000l\000e\000d\000\040\000D\000e\000s\000c\000r\000i\000p\000t\000i\000o\000n}{section.4.25}% 244
\BOOKMARK [1][-]{section.4.26}{\376\377\0004\000.\0002\0006\000\040\000s\000r\000c\000/\000a\000r\000t\000i\000s\000t\000l\000i\000s\000t\000.\000c\000p\000p\000\040\000F\000i\000l\000e\000\040\000R\000e\000f\000e\000r\000e\000n\000c\000e}{chapter.4}% 245
\BOOKMARK [2][-]{subsection.4.26.1}{\376\377\0004\000.\0002\0006\000.\0001\000\040\000D\000e\000t\000a\000i\000l\000e\000d\000\040\000D\000e\000s\000c\000r\000i\000p\000t\000i\000o\000n}{section.4.26}% 246
\BOOKMARK [1][-]{section.4.27}{\376\377\0004\000.\0002\0007\000\040\000s\000r\000c\000/\000d\000a\000t\000e\000.\000c\000p\000p\000\040\000F\000i\000l\000e\000\040\000R\000e\000f\000e\000r\000e\000n\000c\000e}{chapter.4}% 247
\BOOKMARK [2][-]{subsection.4.27.1}{\376\377\0004\000.\0002\0007\000.\0001\000\040\000D\000e\000t\000a\000i\000l\000e\000d\000\040\000D\000e\000s\000c\000r\000i\000p\000t\000i\000o\000n}{section.4.27}% 248
\BOOKMARK [1][-]{section.4.28}{\376\377\0004\000.\0002\0008\000\040\000s\000r\000c\000/\000m\000a\000i\000n\000.\000c\000p\000p\000\040\000F\000i\000l\000e\000\040\000R\000e\000f\000e\000r\000e\000n\000c\000e}{chapter.4}% 249
\BOOKMARK [2][-]{subsection.4.28.1}{\376\377\0004\000.\0002\0008\000.\0001\000\040\000F\000u\000n\000c\000t\000i\000o\000n\000\040\000D\000o\000c\000u\000m\000e\000n\000t\000a\000t\000i\000o\000n}{section.4.28}% 250
\BOOKMARK [3][-]{subsubsection.4.28.1.1}{\376\377\0004\000.\0002\0008\000.\0001\000.\0001\000\040\000m\000a\000i\000n\000\050\000\051}{subsection.4.28.1}% 251
\BOOKMARK [1][-]{section.4.29}{\376\377\0004\000.\0002\0009\000\040\000s\000r\000c\000/\000p\000l\000a\000y\000l\000i\000s\000t\000.\000c\000p\000p\000\040\000F\000i\000l\000e\000\040\000R\000e\000f\000e\000r\000e\000n\000c\000e}{chapter.4}% 252
\BOOKMARK [2][-]{subsection.4.29.1}{\376\377\0004\000.\0002\0009\000.\0001\000\040\000D\000e\000t\000a\000i\000l\000e\000d\000\040\000D\000e\000s\000c\000r\000i\000p\000t\000i\000o\000n}{section.4.29}% 253
\BOOKMARK [2][-]{subsection.4.29.2}{\376\377\0004\000.\0002\0009\000.\0002\000\040\000F\000u\000n\000c\000t\000i\000o\000n\000\040\000D\000o\000c\000u\000m\000e\000n\000t\000a\000t\000i\000o\000n}{section.4.29}% 254
\BOOKMARK [3][-]{subsubsection.4.29.2.1}{\376\377\0004\000.\0002\0009\000.\0002\000.\0001\000\040\000o\000p\000e\000r\000a\000t\000o\000r\000<\000<\000\050\000\051}{subsection.4.29.2}% 255
\BOOKMARK [1][-]{section.4.30}{\376\377\0004\000.\0003\0000\000\040\000s\000r\000c\000/\000s\000o\000n\000g\000.\000c\000p\000p\000\040\000F\000i\000l\000e\000\040\000R\000e\000f\000e\000r\000e\000n\000c\000e}{chapter.4}% 256
\BOOKMARK [2][-]{subsection.4.30.1}{\376\377\0004\000.\0003\0000\000.\0001\000\040\000D\000e\000t\000a\000i\000l\000e\000d\000\040\000D\000e\000s\000c\000r\000i\000p\000t\000i\000o\000n}{section.4.30}% 257
\BOOKMARK [1][-]{section.4.31}{\376\377\0004\000.\0003\0001\000\040\000s\000r\000c\000/\000s\000o\000n\000g\000l\000i\000s\000t\000.\000c\000p\000p\000\040\000F\000i\000l\000e\000\040\000R\000e\000f\000e\000r\000e\000n\000c\000e}{chapter.4}% 258
\BOOKMARK [2][-]{subsection.4.31.1}{\376\377\0004\000.\0003\0001\000.\0001\000\040\000D\000e\000t\000a\000i\000l\000e\000d\000\040\000D\000e\000s\000c\000r\000i\000p\000t\000i\000o\000n}{section.4.31}% 259
\BOOKMARK [1][-]{section.4.32}{\376\377\0004\000.\0003\0002\000\040\000s\000r\000c\000/\000s\000p\000o\000t\000i\000f\000r\000y\000.\000c\000p\000p\000\040\000F\000i\000l\000e\000\040\000R\000e\000f\000e\000r\000e\000n\000c\000e}{chapter.4}% 260
\BOOKMARK [2][-]{subsection.4.32.1}{\376\377\0004\000.\0003\0002\000.\0001\000\040\000D\000e\000t\000a\000i\000l\000e\000d\000\040\000D\000e\000s\000c\000r\000i\000p\000t\000i\000o\000n}{section.4.32}% 261
\BOOKMARK [1][-]{section.4.33}{\376\377\0004\000.\0003\0003\000\040\000s\000r\000c\000/\000u\000s\000e\000r\000.\000c\000p\000p\000\040\000F\000i\000l\000e\000\040\000R\000e\000f\000e\000r\000e\000n\000c\000e}{chapter.4}% 262
\BOOKMARK [1][-]{section.4.34}{\376\377\0004\000.\0003\0004\000\040\000s\000r\000c\000/\000u\000s\000e\000r\000l\000i\000s\000t\000.\000c\000p\000p\000\040\000F\000i\000l\000e\000\040\000R\000e\000f\000e\000r\000e\000n\000c\000e}{chapter.4}% 263
\BOOKMARK [2][-]{subsection.4.34.1}{\376\377\0004\000.\0003\0004\000.\0001\000\040\000D\000e\000t\000a\000i\000l\000e\000d\000\040\000D\000e\000s\000c\000r\000i\000p\000t\000i\000o\000n}{section.4.34}% 264
\BOOKMARK [0][-]{section*.161}{\376\377\000I\000n\000d\000e\000x}{}% 265
